[  0.000000] Initializing cgroup subsys cpuset
[    0.000000] Initializing cgroup subsys cpu
[    0.000000] Initializing cgroup subsys cpuacct
[  0.0000] Linux version 4.4.0-145-generic (buildd@lcy01-amd64-027) (gcc versn 5.4.0 20160609 (Ubuntu 5.4.0-6ubuntu1~16.04.10) ) #171-Ubuntu SMP Tue Mar 26 12:43:40 UTC 2019 (Ubuntu 4.4.0-145.171-generic 4.4.176)
[  0.0000] Cmmnd le: BOOT_IMAGE=/boot/vmlinuz-4.4.0-145-generic root=LABEL=cloudimg-rootfs ro console=tty1 console=ttyS0
[  0.0000]KERNEL supported cpus:
[   0.000000]   Intel GenuineIntel
[    0.000000]   AMD AuthenticAMD
[  0.000000]   Centaur CentaurHauls
[   .00000]x86/pu xstae_ffse[2:  576, xstate_sizes[2]:  256
[   0.0000 x86/fpu: Supporting XSAVE feature 0x01: 'x87 floating point registers'
[   .00000 x86/fpu: Supporting XSAVE feature 0x02: 'SSE registers'
[  0.000000] x86/fpu: Supporting XSAVE feature 0x04: 'AVX registers'
[    0.000000] x86/fpu: Enabled xstate features 0x7, context size is 832 bytes, using 'standard' format.
[    0.000000] e820: BIOS-provid physialRAM ap
[    0.000000] BIOS-e820: [mem 0x0000000000000000-0x000000000009fbff] usable
[  0.000000] BIOS-e820: [mem 0x000000000009fc00-0x000000000009ffff] reserved
[    0.000000] BIOS-e820: [mem 0x00000000000f0000-0x00000000000fffff] reserved
[    0.000000] BIOS-e820: [mem 0x0000000000100000-0x000000007ffeffff] usable
[    0.000000] BIOS-e820: [mem 0x000000007fff0000-0x000000007fffffff] ACPI data
[    0.000000] BIOS-e820: [mem 0x00000000fec00000-0x00000000fec00fff] reserved
[    0.000000] BIOSe80: [mem 0x00000000fee00000-0x00000000fee00fff] reserved
[  0.000000] BIOS-e820: [mem 0x00000000fffc000-0x00000000ffffffff] reserved
[    0.000000] NX (Execute Disable) protection: active
[    0.000000] SMBIOS 2.5 present.
[    0.000000] Hypervisor detected: KVM
[   000000]e820: last_pfn = 0x7fff0 max_arch_pfn = 0x400000000
[  0.0000] MTRR: Disabled
[    0.000000] x86/PAT: MTRRs disabled, skipping PAT initialization too.
[    0.000000] CPU MTRRs all blank - virtualized system.
[    0.000000] x86/PAT: Configuration [0-7]: WB  WT  UC- UC  WB  WT  UC- UC  
[   0.0000]found SMP MP-table at [mem 0x0009fff0-0x0009ffff] mapped at [ffff88000009f0]
   0.0000] Saning 1 areas for low memory corruption
[   0.00000 RMDIS [mem 0x362fa000-0x37174fff]
[    0.000000] ACPI: Early table checksm erifiction disabled
[   0.000000] ACPI: RSDP 0x00000000000E0000 000024 (v02 VBOX  )
[  0.0000] API: XSDT 0000000FFF0030 00003C (v01 VBOX   VBOXXSDT 00000001 ASL  00000061)
[  0.0000] API FAC 0000000007FFF00F0 0000F4 (v04 VBOX   VBOXFACP 00000001 ASL  00000061)
[    0.000000] ACPI: DSDT 0x000000007FFF0470 0021FF (v02 VBOX   VBOXBIOS 00000002 INTL 20100528)
[  0.0000] ACPI: FACS 0x000000007FFF0200 000040
[  0.000000] ACPI: FACS 0x000000007FFF0200 000040
[  0.0000] ACPI: APIC 0x000000007FFF0240 00005C (v02 VBOX   VBOXAPIC 00000001 L  00000061)
[  0.000000] ACPI: SSDT 0x000000007FFF02A0 0001CC (v01 VBOX   VBOXCPUT 00000002 INTL 20100528)
[  0.0000] No NUMA configuration found
[    0.000000] Faking a node at [mem 0x0000000000000000-0x000000007ffeffff]
[    0.0000] NODE_DATA(0) allocated [mem 0x7ffeb000x7ffeffff]
[    0.000000] kvm-clock: Using msrs 4b564d01 and 4b564d00
[    0.000000] kvm-clock: cpu 0, msr 0:7ffe3001, rimary cpu clock
[    0.000000] kvm-clock: using sched offset of 4951679900 cycles
[    0.000000] clocksource: kvm-clock: mask: 0xffffffffffffffff max_cycles: 0x1cd42e4dffb, max_idle_ns: 881590591483 ns
[    0.000000] Zone ranges:
[    0.000000]   DMA      [mem 0x0000000000001000-0x0000000000ffffff]
[    0.000000]   DMA32    [mem 0x0000000001000000-0x000000007ffeffff]
[    0.000000]   Normal   empty
[    0.000000]   Device   empty
[    0.000000] Movable zone start for each node
[    0.000000] Early memory node ranges
[    0.000000]   node   0: [mem 0x0000000000001000-0x000000000009efff]
[  0.000000]   node   0: [mem 0x0000000000100000-0x000000feffff]
[  0.0000] itmem setu nde  [em 0x0000000000001000-0x000000007ffeffff]
[  0.0000] API PM-Timer IO Port: 0x4008
[  0.00000 IOAC[0]apicd 2,ersion 32, address 0xfec00000, GSI 0-23
[    0.000000] ACPI: INT_SRC_OVR (bus 0 bus_irq 0 global_irq 2 dfl dfl)
[    0.000000] ACPI: INT_SRC_OVR (bus 0 bus_irq 9 global_irq 9 low level)
[    0.000000] Using ACPI (MADT) for SMP configuration information
[    0.000000] smpboot: Allowing 2 CPUs, 0 hotplug CPUs
[    0.000000] PM: Registered nosave memory: [mem 0x00000000-0x00000fff]
[    0.000000] PM: Registered nosave memory: [mem 0x0009f000-0x0009ffff]
[    0.0000] PM: Registered nosave memory: [mem 0x000a0000-0x000effff]
[    0.000000] PM: Registered noave memory: [mem 0x000f0000-0x000fffff]
[  0.0000] e20 [mem 0x80000000-0xfebfffff] avaiabe fo PI device
[    0.000000] Booting paravirtualized kernel on KVM
[    00000 clocksource: refined-jiffies: mask: 0xffffffff max_cycles: 0xffffffff, max_idle_ns: 7645519600211568 ns
[    0.000000] setup_percpu: NR_CPUS:512 nr_cpumask_bits:512 nr_cpu_ids:2 nr_node_ids:1
[    0.000000] PERCPU: Embedded 34 pages/cpu @ffff88007fc00000 s99480 r8192 d31592 u1048576
[    0.000000] Built 1 zonelists in Node order, mobility grouping on.  Total pages: 515960
[    0.000000] Policy zone: DMA32
[    0.000000] Kernel command line: BOOT_IMAGE=/boot/vmlinuz-4.4.0-145-generic root=LABEL=cloudimg-rootfs ro console=tty1 console=ttyS0
[    0.000000] PID hash table entries: 4096 (order: 3, 32768 bytes)
[    0.000000] Memory: 2029924K/2096696K available (8608K kernel code, 1333K rwdata, 4008K rodata, 1484K init, 284K bss, 677 resrvd, 0K mareserved)
[    0.000000] SLUB: HWalign=64, Order0-3,MiObjets0, CUs2, des=1
[    0.000000] Kernel/User page tables isolation: enabled
[    0.000000] Hierarchical RCU implementation.
[    0.000000] 	Build-time adjustment of leaf fanout to 64.
[    0.000000] 	RCU restricting CPUs from NR_CPUS=512 to nr_cpu_ids=2.
[    0.000000] RCU: Adjusting geometry for rcu_fanout_leaf=64, nr_cpu_ids=2
[    0.000000] NR_IRQS:33024 nr_irqs:440 16
[    0.000000] Console: colour VGA+ 80x25
[    0.000000] console [tty1] enabled
[    0.000000] console [ttyS0] enabled
[    0.000000] tsc: Detected 3500.024 MHz processor
[    6.089289] Calibrating delay loop (skipped) preset value.. 7000.04 BogoMIPS (lpj=14000096)
[    6.092305] pid_max: default: 32768 minimum: 301
[    6.093949] ACPI: Core revision 20150930
[   6.099134] ACPI: 2 ACPI AML tables successfully acquired and loaded
[    6.162211] Security Framework initialized
[    6.174604] Yama: becoming mindful.
[    6.184148] AppArmor: AppArmor initialized
[    6.242491] Dentry cache hash table entries: 262144 (order: 9, 2097152 bytes)
[    6.248854] Inode-cache hash table entries: 131072 (order: 8, 1048576 bytes)
[    6.302818] Mount-cache hash table entries: 4096 (order: 3, 32768 bytes)
[    6.306953] Mountpoint-cache hash table entries: 4096 (order: 3, 32768 bytes)
[    6.336850] Initializing cgroup subsys io
[    6.350028] Initializing cgroup subsys memory
[    6.371181] Initializing cgroup subsys devices
[    6.386206] Initializing cgroup subsys freezer
[    6.415430] Initializing cgroup subsys net_cls
[    6.432014] Initializing cgroup subsys perf_event
[    6.439971] Initializing cgroup subsys net_prio
[    6.466084] Initializing cgroup subsys hugetlb
[    6.493395] Initializing cgroup subsys pids
[    6.553995] mce: CPU supports 0 MCE banks
[    6.561779] Last level iTLB entries: 4KB 512, 2MB 8, 4MB 8
[    6.597884] Last level dTLB entries: 4KB 512, 2MB 32, 4MB 32, 1GB 0
[    6.617255] Spectre V2 : Mitigation: Full generic retpoline
[    6.660429] Spectre V2 : Spectre v2 / SpectreRSB mitigation: Filling RSB on context switch
[    6.736543] Speculative Store Bypass: Vulnerable
[    6.750834] Freeing SMP alternatives memory: 36K
[    6.773325] ftrace: allocating 32283 entries in 127 pages
[    6.864552] smpboot: APIC(0) Converting physical 0 to logical package 0
[    6.894899] smpboot: Max logical packages: 1
[    6.918566] x2apic enabled
[    6.946270] Switched APIC routing to physical x2apic.
[    6.973703] ..TIMER: vector=0x30 apic1=0 pin1=2 apic2=-1 pin2=-1
[   7.088162] smpboot: CPU0: Intel(R) Core(TM) i7-3770K CPU @ 3.50GHz (family: 0x6, model: 0x3a, stepping: 0x9)
[    7.155373] Performance Events: unsupported p6 CPU model 58 no PMU driver, software events only.
[    7.170724] KVM setup paravirtual spinlock
[    7.211726] x86: Booting SMP configuration:
[    7.213273] .... node  #0, CPUs:      #1
[    7.214699] kvm-clock: cpu 1, msr 0:7ffe3041, secondary cpu clock
[    7.216218] mce: CPU supports 0 MCE banks
[    7.218971] x86: Booted up 1 node, 2 CPUs
[    7.221025] smpboot: Total of 2 processors activated (14000.09 BogoMIPS)
[    7.223767] devtmpfs: initialized
[    7.262377] evm: security.selinux
[    7.272722] evm: security.SMACK64
[    7.327571] evm: security.SMACK64EXEC
[    7.329002] evm: security.SMACK64TRANSMUTE
[    7.384571] evm: security.SMACK64MMAP
[    7.422863] evm: security.ima
[    7.452942] evm: security.capability
[    7.527687] clocksource: jiffies: mask: 0xffffffff max_cycles: 0xffffffff, max_idle_ns: 7645041785100000 ns
[    7.591764] futex hash table entries: 512 (order: 3, 32768 bytes)
[    7.652784] pinctrl core: initialized pinctrl subsystem
[    7.660990] RTC time: 17:08:14, date: 04/13/19
[    7.740445] NET: Registered protocol family 16
[    7.772542] cpuidle: using governor ladder
[    7.807966] cpuidle: using governor menu
[    7.816188] PCCT header not found.
[    7.859628] ACPI: bus type PCI registered
[    7.864996] acpiphp: ACPI Hot Plug PCI Controller Driver version: 0.5
[    7.888995] PCI: Using configuration type 1 for base access
[    7.977121] ACPI: Added _OSI(Module Device)
[    7.984079] ACPI: Added _OSI(Processor Device)
[    8.000222] ACPI: Added _OSI(3.0 _SCP Extensions)
[    8.018884] ACPI: Added _OSI(Processor Aggregator Device)
[    8.022171] ACPI: Executed 1 blocks of module-level executable AML code
[    8.071880] ACPI: Interpreter enabled
[    8.087304] ACPI: (supports S0 S5)
[    8.100985] ACPI: Using IOAPIC for interrupt routing
[    8.109522] PCI: Using host bridge windows from ACPI; if necessary, use "pci=nocrs" and report a bug
[    8.189169] ACPI: PCI Root Bridge [PCI0] (domain 0000 [bus 00-ff])
[    8.239619] acpi PNP0A03:00: _OSC: OS supports [ASPM ClockPM Segments MSI]
[    8.247239] acpi PNP0A03:00: _OSC: not requesting OS control; OS requires [ExtendedConfig ASPM ClockPM MSI]
[    8.255240] acpi PNP0A03:00: fail to add MMCONFIG information, can't access extended PCI configuration space under this bridge.
[    8.278542] PCI host bridge to bus 0000:00
[    8.290394] pci_bus 0000:00: root bus resource [io  0x0000-0x0cf7 window]
[    8.300357] pci_bus 0000:00: root bus resource [io  0x0d00-0xffff window]
[    8.302499] pci_bus 0000:00: root bus resource [mem 0x000a0000-0x000bffff window]
[    8.305275] pci_bus 0000:00: root bus resource [mem 0x80000000-0xfdffffff window]
[    8.309886] pci_bus 0000:00: root bus resource [bus 00-ff]
[    8.330416] pci 0000:00:01.1: legacy IDE quirk: reg 0x10: [io  0x01f0-0x01f7]
[    8.381584] pci 0000:00:01.1: legacy IDE quirk: reg 0x14: [io  0x03f6]
[    8.411794] pci 0000:00:01.1: legacy IDE quirk: reg 0x18: [io  0x0170-0x0177]
[    8.446863] pci 0000:00:01.1: legacy IDE quirk: reg 0x1c: [io  0x0376]
[    8.469156] pci 0000:00:07.0: quirk: [io  0x4000-0x403f] claimed by PIIX4 ACPI
[    8.503917] pci 0000:00:07.0: quirk: [io  0x4100-0x410f] claimed by PIIX4 SMB
[    8.562291] ACPI: PCI Interrupt Link [LNKA] (IRQs 5 9 10 *11)
[    8.597292] ACPI: PCI Interrupt Link [LNKB] (IRQs 5 9 *10 11)
[    8.635222] ACPI: PCI Interrupt Link [LNKC] (IRQs 5 *9 10 11)
[    8.665392] ACPI: PCI Interrupt Link [LNKD] (IRQs 5 9 10 *11)
[    8.704275] ACPI: Enabled 2 GPEs in block 00 to 07
[    8.725404] vgaarb: setting as boot device: PCI:0000:00:02.0
[    8.776598] vgaarb: device added: PCI:0000:00:02.0,decodes=io+mem,owns=io+mem,locks=none
[    8.815477] vgaarb: loaded
[    8.870949] vgaarb: bridge control possible 0000:00:02.0
[    8.901569] SCSI subsystem initialized
[    8.912698] ACPI: bus type USB registered
[    8.939978] usbcore: registered new interface driver usbfs
[    9.002851] usbcore: registered new interface driver hub
[    9.004851] usbcore: registered new device driver usb
[    9.033390] PCI: Using ACPI for IRQ routing
[    9.049611] NetLabel: Initializing
[    9.050986] NetLabel:  domain hash size = 128
[    9.076367] NetLabel:  protocols = UNLABELED CIPSOv4
[    9.153837] NetLabel:  unlabeled traffic allowed by default
[    9.164638] amd_nb: Cannot enumerate AMD northbridges
[    9.184138] clocksource: Switched to clocksource kvm-clock
[    92857] AppArmor: AppArmor Filesystem Enabled
[    9.395304] pnp: PnP ACPI init
[    9.398010] pnp: PnP ACPI: found 3 devices

[  9.426422] clocksource: acpi_pm: mask: 0xffffff max_cycles: 0xffffff, max_idle_ns: 2085701024 ns
[  9204]ET Risreprtocol family 2
[   0.042291] TCP established hash table entries: 16384 (order: 5, 131072 bytes)

[   0.34] P nd hash table ntes: 16384 (order: 6, 2144 bytes)
[   10.541773] TCP: Hash tables configured (established 16384 bind 16384)
[   10.543857] UDP hash table entries: 1024 (order: 3, 32768 bytes)
[   10.545920] UDP-Lite hash table entries: 1024 (order: 3, 32768 bytes)
[   10.548010] NET: Registered protocol family 1
[   10.549797] pci 0000:00:00.0: Limiting direct PCI/PCI transfers
[   10.551721] pci 0000:00:01.0: Activating ISA DMA hang workarounds
[   10.553897] Unpacking initramfs...

[   11.626131] Freeing initrd memory: 14828K
[   11.648560] RAPL PMU detected, API unit is 2^-32 Joules, 3 fixed counters 10737418240 ms ovfl timer
[   11.659822] hw unit of domain pp0-core 2^-0 Joules
[   11.677889] hw unit of domain package 2^-0 Joules
[   11.716429] hw unit of domain pp1-gpu 2^-0 Joules
[   11.718119] platform rtc_cmos: registered platform RTC device (no PNP device found)
[   11.720802] Scanning for low memory corruption every 60 seconds
[   11.723247] audit: initializing netlink subsys (disabled)
[   11.758044] audit: type=2000 audit(1555175297.301:1): initialized
[   11.776245] Initialise system trusted keyring
[   11.825637] HugeTLB registered 2 MB page size, pre-allocated 0 pages
[   11.858967] zbud: loaded
[   11.860658] VFS: Disk quotas dquot_6.6.0
[   11.917669] VFS: Dquot-cache hash table entries: 512 (order 0, 4096 bytes)
[   11.952471] squashfs: version 4.0 (2009/01/31) Phillip Lougher
[   11.955067] fuse init (API version 7.23)
[   11.963159] Key type big_key registered
[   11.971574] Allocating IMA MOK and blacklist keyrings.
[   12.039727] Key type asymmetric registered
[   12.047796] Asymmetric key parser 'x509' registered
[   12.056816] Block layer SCSI generic (bsg) driver version 0.4 loaded (major 249)
[   12.059675] io scheduler noop registered
[   12.079459] io scheduler deadline registered (default)
[   12.102631] io scheduler cfq registered
[   12.110343] pci_hotplug: PCI Hot Plug PCI Core version: 0.5
[   12.126807] pciehp: PCI Express Hot Plug Controller Driver version: 0.4
[   12.159720] ACPI: AC Adapter [AC] (on-line)
[   12.182671] input: Power Button as /devices/LNXSYSTM:00/LNXPWRBN:00/input/input0
[   12.203172] ACPI: Power Button [PWRF]
[   12.204725] input: Sleep Button as /devices/LNXSYSTM:00/LNXSLPBN:00/input/input1
[   12.209105] ACPI: Sleep Button [SLPF]
[   12.217829] GHES: HEST is not enabled!
[   12.247785] Serial: 8250/16550 driver, 32 ports, IRQ sharing enabled
[   12.279472] 00:02: ttyS0 at I/O 0x3f8 (irq = 4, base_baud = 115200) is a 16550A
[   12.315403] Linux agpgart interface v0.103
[   12.361065] loop: module loaded
[   12.363335] scsi host0: ata_piix
[   12.364849] scsi host1: ata_piix
[   12.366178] ata1: PATA max UDMA/33 cmd 0x1f0 ctl 0x3f6 bmdma 0xd000 irq 14
[   12.369973] ata2: PATA max UDMA/33 cmd 0x170 ctl 0x376 bmdma 0xd008 irq 15
[   12.379656] libphy: Fixed MDIO Bus: probed
[   12.383350] tun: Universal TUN/TAP device driver, 1.6
[   12.391426] tun: (C) 1999-2004 Max Krasnyansky <maxk@qualcomm.com>
[   12.435495] PPP generic driver version 2.4.2
[   12.446879] ehci_hcd: USB 2.0 'Enhanced' Host Controller (EHCI) Driver
[   12.456241] ehci-pci: EHCI PCI platform driver
[   12.495213] ehci-platform: EHCI generic platform driver
[   12.508529] ohci_hcd: USB 1.1 'Open' Host Controller (OHCI) Driver
[   12.518509] ohci-pci: OHCI PCI platform driver
[   12.529797] ohci-platform: OHCI generic platform driver
[   12.531535] uhci_hcd: USB Universal Host Controller Interface driver
[   12.533778] i8042: PNP: PS/2 Controller [PNP0303:PS2K,PNP0f03:PS2M] at 0x60,0x64 irq 1,12
[   12.538847] serio: i8042 KBD port at 0x60,0x64 irq 1
[   12.552140] serio: i8042 AUX port at 0x60,0x64 irq 12
[   12.554030] mousedev: PS/2 mouse device common for all mice
[   12.573539] rtc_cmos rtc_cmos: rtc core: registered rtc_cmos as rtc0
[   12.595713] rtc_cmos rtc_cmos: alarms up to one day, 114 bytes nvram
[   12.604514] input: AT Translated Set 2 keyboard as /devices/platform/i8042/serio0/input/input2
[   12.611547] i2c /dev entries driver
[   12.612994] device-mapper: uevent: version 1.0.3
[   12.614874] device-mapper: ioctl: 4.34.0-ioctl (2015-10-28) initialised: dm-devel@redhat.com
[   12.619828] ledtrig-cpu: registered to indicate activity on CPUs
[   12.622680] NET: Registered protocol family 10
[   12.630721] NET: Registered protocol family 17
[   12.653347] Key type dns_resolver registered
[   12.655825] registered taskstats version 1
[   12.666329] Loading compiled-in X.509 certificates
[   12.675943] Loaded X.509 cert 'Build time autogenerated kernel key: 766cb56454e39ea623681e1efb4bf4db48a2396c'
[   12.679384] zswap: loaded using pool lzo/zbud
[   12.683547] Key type trusted registered
[   12.689703] Key type encrypted registered
[   12.691289] AppArmor: AppArmor sha1 policy hashing enabled
[   12.693081] ima: No TPM chip found, activating TPM-bypass!
[   12.694846] ima: Allocated hash algorithm: sha1
[   12.696510] evm: HMAC attrs: 0x1
[   12.698335]   Magic number: 15:830:137
[   12.699842] rtc_cmos rtc_cmos: setting system clock to 2019-04-13 17:08:19 UTC (1555175299)
[   12.783214] BIOS EDD facility v0.16 2004-Jun-25, 0 devices found
[   12.784562] tsc: Refined TSC clocksource calibration: 3501.748 MHz
[   12.784565] clocksource: tsc: mask: 0xffffffffffffffff max_cycles: 0x3279c4bc7db, max_idle_ns: 440795326920 ns
[   12.940846] EDD information not available.
[   12.951245] Freeing unused kernel memory: 1484K
[   12.996713] Write protecting the kernel read-only data: 14336k
[   12.999441] Freeing unused kernel memory: 1620K
[   13.014156] Freeing unused kernel memory: 88K
Loading, please wait...
starting version[   13.040051] random: systemd-udevd: uninitialized urandom read (16 bytes read, 3 bits of entropy available)
 229
[   13.040990] random: udevadm: uninitialized urandom read (16 bytes read, 3 bits of entropy available)
[   13.041014] random: udevadm: uninitialized urandom read (16 bytes read, 3 bits of entropy available)
[   13.055833] random: udevadm: uninitialized urandom read (16 bytes read, 3 bits of entropy available)
[   13.055893] random: udevadm: uninitialized urandom read (16 bytes read, 3 bits of entropy available)
[   13.056174] random: udevadm: uninitialized urandom read (16 bytes read, 3 bits of entropy available)
[   13.056278] random: udevadm: uninitialized urandom read (16 bytes read, 3 bits of entropy available)
[   13.056361] random: udevadm: uninitialized urandom read (16 bytes read, 3 bits of entropy available)
[   13.056446] random: udevadm: uninitialized urandom read (16 bytes read, 3 bits of entropy available)
[   13.056527] random: udevadm: uninitialized urandom read (16 bytes read, 3 bits of entropy available)
[   13.293300] e1000: Intel(R) PRO/1000 Network Driver - version 7.3.21-k8-NAPI
[   13.359432] e1000: Copyright (c) 1999-2006 Intel Corporation.
[   13.366329] Fusion MPT base driver 3.04.20
[   13.367843] Copyright (c) 1999-2008 LSI Corporation
[   13.396358] AVX version of gcm_enc/dec engaged.
[   13.397965] AES CTR mode by8 optimization enabled
[   13.431487] Fusion MPT SPI Host driver 3.04.20
[   13.615977] input: ImExPS/2 Generic Explorer Mouse as /devices/platform/i8042/serio1/input/input4
[   13.808576] e1000 0000:00:03.0 eth0: (PCI:33MHz:32-bit) 02:63:27:9f:3f:f3
[   14.460475] e1000 0000:00:03.0 eth0: Intel(R) PRO/1000 Network Connection
[   15.052848] e1000 0000:00:08.0 eth1: (PCI:33MHz:32-bit) 08:00:27:25:74:42
[   15.125189] e1000 0000:00:08.0 eth1: Intel(R) PRO/1000 Network Connection
[   15.155149] mptbase: ioc0: Initiating bringup
[   15.155322] e1000 0000:00:08.0 enp0s8: renamed from eth1
[   15.192473] e1000 0000:00:03.0 enp0s3: renamed from eth0
[   15.312871] ioc0: LSI53C1030 A0: Capabilities={Initiator}
[   16.070659] scsi host2: ioc0: LSI53C1030 A0, FwRev=00000000h, Ports=1, MaxQ=256, IRQ=20
[   16.371911] scsi 2:0:0:0: Direct-Access     VBOX     HARDDISK         1.0  PQ: 0 ANSI: 5
[   16.457455] scsi target2:0:0: Beginning Domain Validation
[   16.476527] scsi target2:0:0: Domain Validation skipping write tests
[   16.490503] scsi target2:0:0: Ending Domain Validation
[   16.557892] scsi target2:0:0: asynchronous
[   16.589587] scsi 2:0:1:0: Direct-Access     VBOX     HARDDISK         1.0  PQ: 0 ANSI: 5
[   16.784340] scsi target2:0:1: Beginning Domain Validation
[   17.041778] scsi target2:0:1: Domain Validation skipping write tests
[   17.044885] scsi target2:0:1: Ending Domain Validation
[   17.047143] scsi target2:0:1: asynchronous
[   17.056641] sd 2:0:0:0: [sda] 20971520 512-byte logical blocks: (10.7 GB/10.0 GiB)
[   17.060827] sd 2:0:0:0: [sda] Write Protect is off
[   17.061060] sd 2:0:0:0: Attached scsi generic sg0 type 0
[   17.062005] sd 2:0:1:0: Attached scsi generic sg1 type 0
[   17.073528] sd 2:0:1:0: [sdb] 20480 512-byte logical blocks: (10.5 MB/10.0 MiB)
[   17.073581] sd 2:0:0:0: [sda] Incomplete mode parameter data
[   17.073584] sd 2:0:0:0: [sda] Assuming drive cache: write through
[   17.083031] sd 2:0:1:0: [sdb] Write Protect is off
[   17.085723] sd 2:0:1:0: [sdb] Incomplete mode parameter data
[   17.088177] sd 2:0:1:0: [sdb] Assuming drive cache: write through
[   17.103360]  sda: sda1
[   17.105606] sd 2:0:0:0: [sda] Attached SCSI disk
[   17.117866] sd 2:0:1:0: [sdb] Attached SCSI disk
Begin: Loading essential drivers ... [   18.918522] md: linear personality registered for level -1
[   18.923615] md: multipath personality registered for level -4
[   18.929208] md: raid0 personality registered for level 0
[   18.935509] md: raid1 personality registered for level 1
[   19.008154] raid6: sse2x1   gen()  2811 MB/s
[   19.076354] raid6: sse2x1   xor()  1945 MB/s
[   19.152457] raid6: sse2x2   gen()  5004 MB/s
[   19.232402] raid6: sse2x2   xor()  3270 MB/s
[   19.308473] raid6: sse2x4   gen()  7842 MB/s
[   19.376739] raid6: sse2x4   xor()  4787 MB/s
[   19.389932] raid6: using algorithm sse2x4 gen() 7842 MB/s
[   19.414411] raid6: .... xor() 4787 MB/s, rmw enabled
[   19.422315] raid6: using ssse3x2 recovery algorithm
[   19.448331] xor: automatically using best checksumming function:
[   19.528429]    avx       : 20385.000 MB/sec
[   19.549644] async_tx: api initialized (async)
[   19.588287] md: raid6 personality registered for level 6
[   19.597092] md: raid5 personality registered for level 5
[   19.626355] md: raid4 personality registered for level 4
[   19.650162] md: raid10 personality registered for level 10
done.
Begin: Running /scripts/init-premount ... done.
Begin: Mounting root file system ... Begin: Running /scripts/local-top ... done.
Begin: Running /scripts/local-premount ... [   19.773238] Btrfs loaded
Scanning for Btrfs filesystems
done.
Warning: fsck no[   19.854579] EXT4-fs (sda1): mounted filesystem with ordered data mode. Opts: (null)
t present, so skipping root file system
done.
Begin: Running /scripts/local-bottom ... done.
Begin: Running /scripts/init-bottom ... done.
[   20.062353] systemd[1]: systemd 229 running in system mode. (+PAM +AUDIT +SELINUX +IMA +APPARMOR +SMACK +SYSVINIT +UTMP +LIBCRYPTSETUP +GCRYPT +GNUTLS +ACL +XZ -LZ4 +SECCOMP +BLKID +ELFUTILS +KMOD -IDN)
[   20.147087] systemd[1]: Detected virtualization oracle.
[   20.156521] systemd[1]: Detected architecture x86-64.

Welcome to [1mUbuntu 16.04.6 LTS[0m!

[   20.216077] systemd[1]: Set hostname to <ubuntu>.
[   20.221926] systemd[1]: Initializing machine ID from random generator.
[   20.241470] systemd[1]: Installed transient /etc/machine-id file.
[   20.494632] systemd[1]: Listening on /dev/initctl Compatibility Named Pipe.
[[0;32m  OK  [0m] Listening on /dev/initctl Compatibility Named Pipe.
[   20.563253] systemd[1]: Reached target User and Group Name Lookups.
[[0;32m  OK  [0m] Reached target User and Group Name Lookups.
[   20.569119] systemd[1]: Listening on Journal Audit Socket.
[[0;32m  OK  [0m] Listening on Journal Audit Socket.
[   20.592368] systemd[1]: Reached target Swap.
[[0;32m  OK  [0m] Reached target Swap.
[   20.681697] systemd[1]: Created slice System Slice.
[[0;32m  OK  [0m] Created slice System Slice.
[   20.704140] systemd[1]: Listening on Journal Socket.
[[0;32m  OK  [0m] Listening on Journal Socket.
[   20.741002] systemd[1]: Starting Nameserver information manager...
         Starting Nameserver information manager...
[   20.816232] systemd[1]: Starting Uncomplicated firewall...
         Starting Uncomplicated firewall...
[   20.823017] systemd[1]: Starting Set console keymap...
         Starting Set console keymap...
[   20.837123] systemd[1]: Started Trigger resolvconf update for networkd DNS.
[[0;32m  OK  [0m] Started Trigger resolvconf update for networkd DNS.
[   20.842034] systemd[1]: Starting Remount Root and Kernel File Systems...
         Starting Remount Root and Kernel File Systems...
[   20.852012] systemd[1]: Reached target Encrypted Volumes.
[[0;32m  OK  [0m] Reached target Encrypted Volumes.
[   20.855314] systemd[1]: Started Forward Password Requests to Wall Directory Watch.
[[0;32m  OK  [[   20.858612] EXT4-fs (sda1): re-mounted. Opts: (null)
0m] Started Forward Password Requests to Wall Directory Watch.
[   20.862705] systemd[1]: Set up automount Arbitrary Executable File Formats File System Automount Point.
[[0;32m  OK  [0m] Set up automount Arbitrary Executab...ats File System Automount Point.
[   20.913131] systemd[1]: Starting Create list of required static device nodes for the current kernel...
         Starting Create list of required st... nodes for the current kernel...
[   20.941947] systemd[1]: Mounting Debug File System...
         Mounting Debug File System...
[   20.969648] systemd[1]: Mounting POSIX Message Queue File System...
         Mounting POSIX Message Queue File System...
[   21.005204] systemd[1]: Listening on LVM2 metadata daemon socket.
[[0;32m  OK  [0m] Listening on LVM2 metadata daemon socket.
[   21.009071] systemd[1]: Listening on udev Kernel Socket.
[[0;32m  OK  [0m] Listening on udev Kernel Socket.
[   21.020042] systemd[1]: Created slice User and Session Slice.
[[0;32m  OK  [0m] Created slice User and Session Slice.
[   21.024847] systemd[1]: Reached target Slices.
[[0;32m  OK  [0m] Reached target Slices.
[   21.027813] systemd[1]: Listening on Syslog Socket.
[[0;32m  OK  [0m] Listening on Syslog Socket.
[   21.030924] systemd[1]: Listening on udev Control Socket.
[[0;32m  OK  [0m] Listening on udev Control Socket.
[   21.034302] systemd[1]: Reached target System Time Synchronized.
[[0;32m  OK  [0m] Reached target System Time Synchronized.
[   21.048834] systemd[1]: Mounting Huge Pages File System...
         Mounting Huge Pages File System...
[   21.075727] systemd[1]: Listening on Device-mapper event daemon FIFOs.
[[0;32m  OK  [0m] Listening on Device-mapper event daemon FIFOs.
[   21.149547] systemd[1]: Starting Monitoring of LVM2 mirrors, snapshots etc. using dmeventd or progress polling...
         Starting Monitoring of LVM2 mirrors... dmeventd or progress polling...
[   21.232525] systemd[1]: Starting Load Kernel Modules...
         Starting Load Kernel Modules...
[   21.255680] systemd[1]: Listening on Journal Socket (/dev/log).
[[0;32m  OK  [0m] Listening on[   21.267256] Loading iSCSI transport class v2.0-870.
 Journal Socket (/dev/log).
[   21.284808] random: nonblocking pool is initialized
[   21.284840] systemd[1]: Starting Journal Service...
         Starting Journal Service...
[   21.290293] systemd[1]: Created slice system-serial\x2dgetty.slice.
[[0;32m  OK  [0m] Created slice system-serial\x2dgetty.slice.
[   21.303311] systemd[1]: Listening on LVM2 poll daemon socket.
[   21.313460] iscsi: registered transport (tcp)
[[0;32m  OK  [0m] Listening on LVM2 poll daemon socket.
[   21.365644] systemd[1]: Mounted Debug File System.
[[0;32m  OK  [0m] Mounted Debug File System.
[   21.396653] systemd[1]: Mounted POSIX Message Queue File System.
[[0;32m  OK  [0m] Mounted POSIX Message Queue File System.
[   21.400725] systemd[1]: Mounted Huge Pages File System.
[   21.403396] iscsi: registered transport (iser)
[[0;32m  OK  [0m] Mounted Huge Pages File System.
[   21.409104] systemd[1]: Started Journal Service.
[[0;32m  OK  [0m] Started Journal Service.
[[0;32m  OK  [0m] Started Uncomplicated firewall.
[[0;32m  OK  [0m] Started Set console keymap.
[[0;32m  OK  [0m] Started Remount Root and Kernel File Systems.
[[0;32m  OK  [0m] Started Create list of required sta...ce nodes for the current kernel.
[[0;32m  OK  [0m] Started Load Kernel Modules.
[[0;32m  OK  [0m] Started Nameserver information manager.
[[0;32m  OK  [0m] Started LVM2 metadata daemon.
         Starting Apply Kernel Variables...
         Mounting FUSE Control File System...
         Starting Create Static Device Nodes in /dev...
         Starting udev Coldplug all Devices...
         Starting Load/Save Random Seed...
         Starting Flush Journal to Persistent Storage...
[[0;32m  OK  [0m] Mounted FUSE Control File System.
[[0;32m  OK  [0m] Started Apply Kernel Variables.
[[0;32m  OK  [0m] Started Create Static Device Nodes in /dev.
[[0;32m  OK  [0m] Started Load/Save Random Seed.
[[0;32m  OK  [0m] Started udev Coldplug all Devices.
[[0;32m  OK  [0m] Started Flush Journal to Persistent Storage.
         Starting udev Kernel Device Manager...
[[0;32m  OK  [0m] Started udev Kernel Device Manager.
[[0;32m  OK  [0m] Started Monitoring of LVM2 mirrors,...ng dmeventd or progress polling.
[[0;32m  OK  [0m] Reached target Local File Systems (Pre).
[[0;32m  OK  [0m] Reached target Local File Systems.
         Starting Initial cloud-init job (pre-networking)...
         Starting LSB: AppArmor initialization...
         Starting Tell Plymouth To Write Out Runtime Data...
         Starting Set console font and keymap...
         Starting Create Volatile Files and Directories...
         Starting Commit a transient machine-id on disk...
[[0;32m  OK  [0m] Started Dispatch Password Requests to Console Directory Watch.
[[0;32m  OK  [0m] Started Tell Plymouth To Write Out Runtime Data.
[[0;32m  OK  [0m] Started Create Volatile Files and Directories.
[[0;32m  OK  [0m] Started Commit a transient machine-id on disk.
         Starting Update UTMP about System Boot/Shutdown...
[[0;32m  OK  [0m] Started Update UTMP about System Boot/Shutdown.
[[0;32m  OK  [0m] Found device /dev/ttyS0.
[[0;32m  OK  [0m] Listening on Load/Save RF Kill Switch Status /dev/rfkill Watch.
[   17.712478] cloud-init[470]: Cloud-init v. 18.5-45-g3554ffe8-0ubuntu1~16.04.1 running 'init-local' at Sat, 13 Apr 2019 17:08:32 +0000. Up 17.02 seconds.
[[0;32m  OK  [0m] Started Initial cloud-init job (pre-networking).
[[0;32m  OK  [0m] Reached target Network (Pre).
[[0;32m  OK  [0m] Started Set console font and keymap.
[[0;32m  OK  [0m] Created slice system-getty.slice.
[[0;32m  OK  [0m] Started LSB: AppArmor initialization.
         Starting Raise network interfaces...
[[0;32m  OK  [0m] Started Raise network interfaces.
         Starting Initial cloud-init job (metadata service crawler)...
[[0;32m  OK  [0m] Reached target Network.
[   20.333300] cloud-init[939]: Cloud-init v. 18.5-45-g3554ffe8-0ubuntu1~16.04.1 running 'init' at Sat, 13 Apr 2019 17:08:34 +0000. Up 19.53 seconds.
[   20.381625] cloud-init[939]: ci-info: ++++++++++++++++++++++++++++++++++++++Net device info+++++++++++++++++++++++++++++++++++++++
[   20.389033] cloud-init[939]: ci-info: +--------+-------+----------------------------+---------------+--------+-------------------+
[   20.389493] cloud-init[939]: ci-info: | Device |   Up  |          Address           |      Mask     | Scope  |     Hw-Address    |
[   20.389749] cloud-init[939]: ci-info: +--------+-------+----------------------------+---------------+--------+-------------------+
[   20.390022] cloud-init[939]: ci-info: | enp0s3 |  True |         10.0.2.15          | 255.255.255.0 | global | 02:63:27:9f:3f:f3 |
[   20.390233] cloud-init[939]: ci-info: | enp0s3 |  True | fe80::63:27ff:fe9f:3ff3/64 |       .       |  link  | 02:63:27:9f:3f:f3 |
[   20.390445] cloud-init[939]: ci-info: | enp0s8 | False |             .              |       .       |   .    | 08:00:27:25:74:42 |
[   20.390764] cloud-init[939]: ci-info: |   lo   |  True |         127.0.0.1          |   255.0.0.0   |  host  |         .         |
[   20.391220] cloud-init[939]: ci-info: |   lo   |  True |          ::1/128           |       .       |  host  |         .         |
[   20.391427] cloud-init[939]: ci-info: +--------+-------+----------------------------+---------------+--------+-------------------+
[   20.391632] cloud-init[939]: ci-info: +++++++++++++++++++++++++++Route IPv4 info++++++++++++++++++++++++++++
[   20.391859] cloud-init[939]: ci-info: +-------+-------------+----------+---------------+-----------+-------+
[   20.392085] cloud-init[939]: ci-info: | Route | Destination | Gateway  |    Genmask    | Interface | Flags |
[   20.392267] cloud-init[939]: ci-info: +-------+-------------+----------+---------------+-----------+-------+
[   20.392469] cloud-init[939]: ci-info: |   0   |   0.0.0.0   | 10.0.2.2 |    0.0.0.0    |   enp0s3  |   UG  |
[   20.392673] cloud-init[939]: ci-info: |   1   |   10.0.2.0  | 0.0.0.0  | 255.255.255.0 |   enp0s3  |   U   |
[   20.393102] cloud-init[939]: ci-info: +-------+-------------+----------+---------------+-----------+-------+
[   20.393310] cloud-init[939]: ci-info: +++++++++++++++++++Route IPv6 info+++++++++++++++++++
[   20.393514] cloud-init[939]: ci-info: +-------+-------------+---------+-----------+-------+
[   20.393748] cloud-init[939]: ci-info: | Route | Destination | Gateway | Interface | Flags |
[   20.393954] cloud-init[939]: ci-info: +-------+-------------+---------+-----------+-------+
[   20.394159] cloud-init[939]: ci-info: |   0   |  fe80::/64  |    ::   |   enp0s3  |   U   |
[   20.394379] cloud-init[939]: ci-info: |   3   |   ff00::/8  |    ::   |   enp0s3  |   U   |
[   20.394574] cloud-init[939]: ci-info: +-------+-------------+---------+-----------+-------+
[   20.394821] cloud-init[939]: Generating public/private rsa key pair.
[   20.395019] cloud-init[939]: Your identification has been saved in /etc/ssh/ssh_host_rsa_key.
[   20.395224] cloud-init[939]: Your public key has been saved in /etc/ssh/ssh_host_rsa_key.pub.
[   20.395431] cloud-init[939]: The key fingerprint is:
[   20.395639] cloud-init[939]: SHA256:kdhIGxhOCUrXXa6WsZ6biy8hbrWL7zrMtUi+rO5JpJ4 root@ubuntu-xenial
[   20.395852] cloud-init[939]: The key's randomart image is:
[   20.396082] cloud-init[939]: +---[RSA 2048]----+
[   20.396263] cloud-init[939]: | ..o+++ ..       |
[   20.396468] cloud-init[939]: |...ooo B..       |
[   20.396711] cloud-init[939]: |.   . +.+.       |
[   20.396909] cloud-init[939]: |        =.       |
[   20.397116] cloud-init[939]: | .     =S        |
[   20.397319] cloud-init[939]: |o  o +o .        |
[   20.397525] cloud-init[939]: |..* = +o         |
[   20.397768] cloud-init[939]: |o +O.+. o        |
[   20.397964] cloud-init[939]: |oEo=*=+=.        |
[   20.398172] cloud-init[939]: +----[SHA256]-----+
[   20.398377] cloud-init[939]: Generating public/private dsa key pair.
[   20.398616] cloud-init[939]: Your identification has been saved in /etc/ssh/ssh_host_dsa_key.
[   20.398878] cloud-init[939]: Your public key has been saved in /etc/ssh/ssh_host_dsa_key.pub.
[   20.399128] cloud-init[939]: The key fingerprint is:
[   20.399365] cloud-init[939]: SHA256:UjnlSuVY4YT2BpNPgYzcZtEIAIT7/f8ixtb5B2IeBVI root@ubuntu-xenial
[   20.399630] cloud-init[939]: The key's randomart image is:
[   20.399903] cloud-init[939]: +---[DSA 1024]----+
[   20.400191] cloud-init[939]: | oo..o.*EBBo     |
[   20.400399] cloud-init[939]: |.     + #@o      |
[   20.400677] cloud-init[939]: | .     =*B+      |
[   20.400901] cloud-init[939]: |.      o o=      |
[   20.401113] cloud-init[939]: | . .  . So       |
[   20.401330] cloud-init[939]: |  . .  .+ .      |
[   20.401566] cloud-init[939]: |     o + + .     |
[   20.401769] cloud-init[939]: |      * =   .    |
[   20.401980] cloud-init[939]: |     o o.+o.     |
[   20.402198] cloud-init[939]: +----[SHA256]-----+
[   20.402411] cloud-init[939]: Generating public/private ecdsa key pair.
[   20.402640] cloud-init[939]: Your identification has been saved in /etc/ssh/ssh_host_ecdsa_key.
[   20.402848] cloud-init[939]: Your public key has been saved in /etc/ssh/ssh_host_ecdsa_key.pub.
[[0;32m  OK  [0m] Started Initial cloud-init job (metadata service crawler).
[   22.226448] cloud-init[939]: The key fingerprint is:
[   22.484368] cloud-init[939]: SHA256:/X3JVseLPuHnqL/I3FAswmpymeEra18o/jGA/6Qq28M root@ubuntu-xenial
[   22.484825] cloud-init[939]: The key's randomart image is:
[[0;32m  OK  [0m] Reached target Network is Online.
[   22.485583] cloud-init[939]: +---[ECDSA 256]---+
[   22.563791] cloud-init[939]: |                 |
[   22.564346] cloud-init[939]: |                 |
[   22.564641] cloud-init[939]: |                 |
[   22.564910] cloud-init[939]: |    .   ..  .  . |
[   22.565189] cloud-init[939]: |   . . .So.. o  +|
[   22.565466] cloud-init[939]: |    . o * ..ooo =|
[   22.565747] cloud-init[939]: |  .  + % . .o.o=.|
[   22.566026] cloud-init[939]: | ..E.oO = o =ooo |
[   22.566294] cloud-init[939]: | .oo++==   =o*=. |
[   22.566597] cloud-init[939]: +----[SHA256]-----+
[   22.566863] cloud-init[939]: Generating public/private ed25519 key pair.
[   22.567138] cloud-init[939]: Your identification has been saved in /etc/ssh/ssh_host_ed25519_key.
[   22.567406] cloud-init[939]: Your public key has been saved in /etc/ssh/ssh_host_ed25519_key.pub.
         Starting iSCSI initiator daemon (iscsid)...
[[   22.567706] cloud-init[939]: The key fingerprint is:
[   22.999986] cloud-init[939]: SHA256:U2zyGNXEpuXrUYPpV+PGBZbXpn2pWz7BhoG51lY6DV0 root@ubuntu-xenial
[0;32m  OK  [0m] Reached target Cloud-config availability.
[   23.000317] cloud-init[939]: The key's randomart image is:
[   23.234464] cloud-init[939]: +--[ED25519 256]--+
[[0;32m  OK  [0m] Reached target System Initialization.
[   23.234683] cloud-init[939]: |          .+.  ..|
[   23.401585] cloud-init[939]: |         o  = + E|
[   23.402133] cloud-init[939]: |        o +=o+.*o|
[[0;32m  OK  [0m] Listening on ACPID Listen Socket.
[[   23.402219] cloud-init[939]: |         B.o+o+==|
[   23.593013] cloud-init[939]: |        S ..oo%o+|
[0;32m  OK  [0m] Started Daily Cleanup of Temporary Directories.
[[   23.593226] cloud-init[939]: |         . o+B.X |
[   23.765492] cloud-init[939]: |          ...oB .|
[0;32m  OK  [0m] Listening on D-Bus System Message Bus Socket.
[   23.765827] cloud-init[939]: |            .. o |
[   23.900872] cloud-init[939]: |                .|
[[0;32m  OK  [0m] Started ACPI Events Check.
[   23.901307] cloud-init[939]: +----[SHA256]-----+
[[0;32m  OK  [0m] Reached target Paths.
         Starting LXD - unix socket.
[[0;32m  OK  [0m] Listening on UUID daemon activation socket.
[[0;32m  OK  [0m] Started Daily apt download activities.
         Starting Socket activation for snappy daemon.
[[0;32m  OK  [0m] Started Daily apt upgrade and clean activities.
[[0;32m  OK  [0m] Reached target Timers.
[[0;32m  OK  [0m] Listening on LXD - unix socket.
[[0;32m  OK  [0m] Listening on Socket activation for snappy daemon.
[[0;32m  OK  [0m] Started iSCSI initiator daemon (iscsid).
         Starting Login to default iSCSI targets...
[[0;32m  OK  [0m] Reached target Sockets.
[[0;32m  OK  [0m] Reached target Basic System.
[[0;32m  OK  [0m] Started Deferred execution scheduler.
[[0;32m  OK  [0m] Started Regular background program processing daemon.
         Starting LSB: Record successful boot for GRUB...
[[0;32m  OK  [0m] Started ACPI event daemon.
         Starting System Logging Service...
         Starting Login Service...
         Starting /etc/rc.local Compatibility...
         Starting Pollinate to seed the pseudo random number generator...
[[0;32m  OK  [0m] Started D-Bus System Message Bus.
         Starting Virtualbox guest utils...
[[0;32m  OK  [0m] Started Unattended Upgrades Shutdown.
         Starting LXD - container startup/shutdown...
         Starting LSB: MD monitoring daemon...
         Starting Accounts Service...
[[0;32m  OK  [0m] Started FUSE filesystem for LXC.
         Starting Snappy daemon...
[[0;32m  OK  [0m] Started System Logging Service.
[[0;32m  OK  [0m] Started /etc/rc.local Compatibility.
[[0;32m  OK  [0m] Started Login to default iSCSI targets.
[[0;32m  OK  [0m] Started LSB: Record successful boot for GRUB.
[[0;32m  OK  [0m] Started Login Service.
         Starting Authenticate and Authorize Users to Run Privileged Tasks...
[[0;32m  OK  [0m] Reached target Remote File Systems (Pre).
[[0;32m  OK  [0m] Reached target Remote File Systems.
         Starting Permit User Sessions...
         Starting LSB: daemon to balance interrupts for SMP systems...
         Starting LSB: automatic crash report generation...
         Starting LSB: Set the CPU Frequency Scaling governor to "ondemand"...
[[0;32m  OK  [0m] Started LSB: MD monitoring daemon.
[[0;32m  OK  [0m] Started Permit User Sessions.
[[0;32m  OK  [0m] Started Virtualbox guest utils.
         Starting Terminate Plymouth Boot Screen...
         Starting Hold until boot process finishes up...
[[0;32m  OK  [0m] Started Hold until boot process finishes up.
[[0;32m  OK  [0m] Started LXD - container startup/shutdown.
[[0;32m  OK  [0m] Started Terminate Plymouth Boot Screen.
[[0;32m  OK  [0m] Started LSB: automatic crash report generation.
[[0;32m  OK  [0m] Started LSB: daemon to balance interrupts for SMP systems.
[[0;32m  OK  [0m] Started Authenticate and Authorize Users to Run Privileged Tasks.
[[0;32m  OK  [0m] Started Accounts Service.
[[0;32m  OK  [0m] Started Getty on tty1.
[[0;32m  OK  [0m] Started Serial Getty on ttyS0.
[[0;32m  OK  [0m] Reached target Login Prompts.
         Starting Set console scheme...
[[0;32m  OK  [0m] Started LSB: Set the CPU Frequency Scaling governor to "ondemand".
[[0;32m  OK  [0m] Started Set console scheme.
[[0;32m  OK  [0m] Started Pollinate to seed the pseudo random number generator.
         Starting OpenBSD Secure Shell server...
[[0;32m  OK  [0m] Started OpenBSD Secure Shell server.
[[0;32m  OK  [0m] Started Snappy daemon.
         Starting Wait until snapd is fully seeded...
[[0;32m  OK  [0m] Created slice User Slice of vagrant.
         Starting User Manager for UID 1000...
[[0;32m  OK  [0m] Started Session 1 of user vagrant.
[[0;32m  OK  [0m] Started User Manager for UID 1000.
[[0;32m  OK  [0m] Started Wait until snapd is fully seeded.
[[0;32m  OK  [0m] Reached target Multi-User System.
[[0;32m  OK  [0m] Reached target Graphical Interface.
         Starting Update UTMP about System Runlevel Changes...
         Starting Apply the settings specified in cloud-config...
[[0;32m  OK  [0m] Started Update UTMP about System Runlevel Changes.
[   31.156393] cloud-init[1340]: Generating locales (this might take a while)...

Ubuntu 16.04.6 LTS ubuntu-xenial ttyS0

ubuntu-xenial login: [   36.350145] cloud-init[1340]:   en_US.UTF-8... done
[   36.351207] cloud-init[1340]: Generation complete.
[   36.972093] cloud-init[1340]: Cloud-init v. 18.5-45-g3554ffe8-0ubuntu1~16.04.1 running 'modules:config' at Sat, 13 Apr 2019 17:08:45 +0000. Up 30.03 seconds.
ci-info: no authorized ssh keys fingerprints found for user ubuntu.
<14>Apr 13 17:08:53 ec2: 
<14>Apr 13 17:08:53 ec2: #############################################################
<14>Apr 13 17:08:53 ec2: -----BEGIN SSH HOST KEY FINGERPRINTS-----
<14>Apr 13 17:08:53 ec2: 1024 SHA256:UjnlSuVY4YT2BpNPgYzcZtEIAIT7/f8ixtb5B2IeBVI root@ubuntu-xenial (DSA)
<14>Apr 13 17:08:53 ec2: 256 SHA256:/X3JVseLPuHnqL/I3FAswmpymeEra18o/jGA/6Qq28M root@ubuntu-xenial (ECDSA)
<14>Apr 13 17:08:53 ec2: 256 SHA256:U2zyGNXEpuXrUYPpV+PGBZbXpn2pWz7BhoG51lY6DV0 root@ubuntu-xenial (ED25519)
<14>Apr 13 17:08:53 ec2: 2048 SHA256:kdhIGxhOCUrXXa6WsZ6biy8hbrWL7zrMtUi+rO5JpJ4 root@ubuntu-xenial (RSA)
<14>Apr 13 17:08:53 ec2: -----END SSH HOST KEY FINGERPRINTS-----
<14>Apr 13 17:08:53 ec2: #############################################################
-----BEGIN SSH HOST KEY KEYS-----
ecdsa-sha2-nistp256 AAAAE2VjZHNhLXNoYTItbmlzdHAyNTYAAAAIbmlzdHAyNTYAAABBBDH+eCOEQgQ/rbKmyG+9vXo0L9sVKxTtRGvpip1dL4ONWLoAfIqLGyFFXk/bBjQisHMJrFN0AjYD1X7Q/PTbm3Y= root@ubuntu-xenial
ssh-ed25519 AAAAC3NzaC1lZDI1NTE5AAAAIC+MS7zhw9LdoTC/ZGeczv57yhyVKLoA1wnuNux1hFq9 root@ubuntu-xenial
ssh-rsa AAAAB3NzaC1yc2EAAAADAQABAAABAQC39ZrOtwHLBSmiVykkcDU5NcMCkFdGHEoTW7muTxv4DroQXCncjYrQSyXvGs4P5jHYcunyeqC5cdRRF1NKn8wMXOasDbSMpQfhwZOr4K9rEFQ9dw+ed9WmAFliTRHCQZPZs36VCUlFvu2mlHmMTl6hw/y6iAJAFgw3F7BVE7QzHPCPWplXw3gXgaFQN7O9V51dkHpxF9VMPYbxzsqSutrtC0Oq05blKTZ97koNDS0eSDbj44VxWIOnow4EYhwzx8NlzX4pGzrODrfBq28r1BL+M8U50freXQjdq8Z1skfaAjwTAHogr9BD3jKkVGlfav86Du/moid26HviSQ2X3sMF root@ubuntu-xenial
-----END SSH HOST KEY KEYS-----
[   37.782379] cloud-init[1575]: Cloud-init v. 18.5-45-g3554ffe8-0ubuntu1~16.04.1 running 'modules:final' at Sat, 13 Apr 2019 17:08:52 +0000. Up 37.54 seconds.
[   37.782984] cloud-init[1575]: ci-info: no authorized ssh keys fingerprints found for user ubuntu.
[   37.783251] cloud-init[1575]: Cloud-init v. 18.5-45-g3554ffe8-0ubuntu1~16.04.1 finished at Sat, 13 Apr 2019 17:08:53 +0000. Datasource DataSourceNoCloud [seed=/dev/sdb][dsmode=net].  Up 37.76 seconds
