[    0.000000] Initializing cgroup subsys cpuset
[    0.000000] Initializing cgroup subsys cpu
[    0.000000] Initializing cgroup subsys cpuacct
[    0.000000] Linux version 4.4.0-142-generic (buildd@lgw01-amd64-033) (gcc version 5.4.0 20160609 (Ubuntu 5.4.0-6ubuntu1~16.04.10) ) #168-Ubuntu SMP Wed Jan 16 21:00:45 UTC 2019 (Ubuntu 4.4.0-142.168-generic 4.4.167)
[    0.000000] Command line: BOOT_IMAGE=/boot/vmlinuz-4.4.0-142-generic root=LABEL=cloudimg-rootfs ro console=tty1 console=ttyS0
[   0.0000] KERNEL supported cpus:
[  0.00000]   Intel GenuineIntel
[   0.0000]   AMD AuthenticAMD
[  0.0000]   Ceaur enaurHauls
[    0.000000] x86/fpu: xstate_offset[2]: 57, xsat_sizes[2]:  256
[    0.000000] x86/fpu: Supporting XSAVE feature 0x1:'x87 oating pin registers'
[    0.000000] x86/fpu: Supporting XSAVE feature 0x02: 'SSregiers'
   0.0000]86/fpu: Supporting XSAVE feature 0x04: 'AVX registers'
[    0.000000] x86/fpu: Enabled  xstate features 0x7, context size is 832 bytes, using 'standard' format.
[    0.000000] e820: BIOS-provded physical RAM map:
[    0.000000] BIOS-e820: [mem 0x0000000000000-0000000009fbff] usable
   0.000000] BIOS-e820: [mem 0x000000000009fc00-0x000000000009ffff] reserved
[    0.000000] BIOS-e820: [mem 0x00000000000f0000-0x00000000000fffff] reserved
[    0.000000] BIOS-e820: [mem 0x0000000000100000-0x000000001ffeffff] usable
[    0.000000] BIOS-e820: [mem 0x000000001fff0000-0x000000001fffffff] ACPI data
[    0.000000] BIOS-e820: [mem 0x00000000fec00000-0x00000000fec00fff] reserved
[    0.000000] BIOS-e820: [mem 0x00000000fee00000-0x00000000fee00fff] reserved
[    0.000000] BIOS-e820: [mem 0x00000000fffc0000-0x00000000ffffffff] reserved
[    0.000000] NX (Execute Disable) protection: active
[    0.000000] SMBIOS 2.5 present.
[    0.000000] Hypervisor detected: KVM
[    0.000000] e820: last_pfn = 0x1fff0 max_arch_pfn = 0x400000000
[    0.000000] MTRR: Disabled
[    0.000000] x86/PAT: MTRRs disabled, skipping PAT initialization too.
[    0.000000] CPU MTRRs all blank - virtualized system.
[    0.000000] x86/PAT: Configuration [0-7]: WB  WT  UC- UC  WB  WT  UC- UC  
[    0.000000] found SMP MP-table at [mem 0x0009fff0-0x0009ffff] mapped at [ffff88000009fff0]
[    0.000000] Scanning 1 areas for low memory corruption
[    0.000000] RAMDISK: [mem 0x1e9a1000-0x1f814fff]
[    0.000000] ACPI: Early table checksum verification disabled
[    0.000000] ACPI: RSDP 0x00000000000E0000 000024 (v02 VBOX  )
[    0.000000] ACPI: XSDT 0x000000001FFF0030 00003C (v01 VBOX   VBOXXSDT 00000001 ASL  00000061)
[    0.000000] ACPI: FACP 0x000000001FFF00F0 0000F4 (v04 VBOX   VBOXFACP 000001ASL  00000061)
[    000000]ACPI DDT 0x000000001FFF0470 0021FF (v VBO  VBOXBIO00000002 INTL 20100528)
[  0.0000] ACPI: FACS 0x00000001FF020 000040
[    0.000000] ACPI: FACS 0x000000001FFF0200 000040
[    0.000000] ACPI: APIC 0x000000001FFF0240 00005C (v02 VBOX   VBOXAPIC 00000001 ASL  00000061)
[    0.000000] ACPI: SSDT 0x000000001FFF02A0 0001CC (v01 VBOX   VBOXCPUT 00000002 INTL 20100528)
[    0.00000] No NUMA configuration found
[    0.000000] Faking a node at [mem 0x0000000000000000-0x000000001ffeffff]
[  0.000000] NODE_DATA(0) allocated em 0x1ffeb000-0x1ffeffff]
[  0.000000] kvm-clock: Using msrs 4b564d01 and 4b564d00
[    0.000000] kvm-clock: cpu 0, msr 0:1ffe3001, primary cpu clock
[    0.000000] kvm-clock: using sched offset of 5297264790 cycles
[    0.000000] clocksource: kvm-clock: mask: 0xffffffffffffffff max_cycles: 0x1cd42e4dffb, max_idle_ns: 881590591483 ns
[    0.000000] Zone ranges:
[    0.000000]   DMA      [mem 0x0000000000001000-0x0000000000ffffff]
[    0.000000]   DMA32    [mem 0x0000000001000000-0x000000001ffeffff]
[    0.000000]   Normal   empty
[    0.000000]   Device   empty
[    0.000000] Movable zone start for each node
[    0.000000] Early memory node ranges
[    0.000000]   node   0: [mem 0x0000000000001000-0x000000000009efff]
[    0.000000]   node   0: [mem 0x0000000000100000-0x000000001ffeffff]
[    0.000000] Initmem setup node 0 [mem 0x0000000000001000-0x000000001ffeffff]
[    0.000000] ACPI: PM-Timer IO Port: 0x4008
[    0.000000] IOAPIC[0]: apic_id 2, version 32, address 0xfec00000, GSI 0-23
[    0.000000] ACPI: INT_SRC_OVR (bus 0 bus_irq 0 global_irq 2 dfl dfl)
[    0.000000] ACPI: INT_SRC_OVR (bus 0 bus_irq 9 global_ir 9low level)
[  0.0000] ing CP (MADT) for SMP configuration information
[   0.00000] mpbot Alowng 2 CPUs, 0 hotplug CPUs
[  0.0000] M:Regiteed nosave memory: [mem 0x00000000-0x00000fff]
[  0.0000] P: egistered nosave memory: [memx000f00-0x0009fff]
[   0.0000 PM: Rgitered savememory: [mem 0x000a0000-0x000effff]
[   0.00000] PM: Registered nosave memory: [mem 0x000f0000-0x000fffff]
[  0.0000] e820: [mem 0x20000000-0xfebfffff] available for PCI devices
[  0.000000] Booting paravirtualized kernel on KVM
[  0.0000] clocksource: refined-jiffies: mask: 0xffffffff max_cycles: 0xffffffff, max_idle_ns: 7645519600211568 ns
[  0.0000] setup_percpu: NR_CPUS:512 nr_cmask_bi:512r_cp_is:2 r_ode_ids:1
[  0.00000 PERCPU: Embedded 34 pages/cpu @ffff88001fc00000 s99480 r8192 d31592 u1048576
[    0.000000] Built 1 znelists in Node order, mobility grouping n.  Total pages: 128888
[    0.000000] Policy zone: DMA32
[    0.000000] Kernel command line: BOOT_IMAGE=/boot/vmlinuz-4.4.0-142-generic root=LABEL=cloudimg-rootfs ro console=tty1 console=ttyS0
[    0.000000] PID hash table entries: 2048 (order: 2, 16384 bytes)
[    0.000000] Memory: 481652K/523832K available (8603K kernel code, 1332K rwdata, 4004K rodata, 1484K init, 1316K bss, 42180K reserved, 0K cma-reserved)
[    0.000000] SLUB: HWalign=64, Order=0-3, MinObjects=0, CPUs=2, Nodes=1
[   0.0000] Kernel/User page tables isolation: enabled
[  0.0000] Hierarchical RCU implementation.
[  0.00000 	Build-time adjustment of leaf fanout to 64.
[  0.0000] 	CUresticing PU from NR_CPUS=512 to nr_cpu_ids2.
[  0.0000] RCU: Adjusting geometry for rcu_fanout_leaf=64, nr_cpu_ids=2
[  0.0000] NR_IRQS:33024 nr_irqs:440 16
[    0.000000] Console: colour VGA+ 80x25
[    0.000000] console [tty1] enabled
[   .00000 console [ttyS0] enabled
[   .000000] tsc: Detected 3500.030 MHz processor
[    5.690596] Calibrating delay loop (skipped) preset value.. 7000.06 BogoMIPS (lpj=14000120)
[    5.746154] pid_max: default: 32768 minimum: 301
[    5.774716] ACPI: Core revision 20150930
[    5.799449] ACPI: 2 ACPI AML tables successfully acquired and loaded
[    5.814878] Security Framework initialized
[    5.825655] Yama: becoming mindful.
[    5.835495] AppArmor: AppArmor initialized
[    5.867145] Dentry cache hash table entries: 65536 (order: 7, 524288 bytes)
[    5.882910] Inode-cache hash table entries: 32768 (order: 6, 262144 bytes)
[    5.925643] Mount-cache hash table entries: 1024 (order: 1, 8192 bytes)
[    5.964344] Mountpoint-cache hash table entries: 1024 (order: 1, 8192 bytes)
[    5.987837] Initializing cgroup subsys io
[    5.995394] Initializing cgroup subsys memory
[    6.055424] Initializing cgroup subsys devices
[    6.079724] Initializing cgroup subsys freezer
[    6.081308] Initializing cgroup subsys net_cls
[    6.082814] Initializing cgroup subsys perf_event
[    6.133098] Initializing cgroup subsys net_prio
[    6.146169] Initializing cgroup subsys hugetlb
[    6.189874] Initializing cgroup subsys pids
[    6.197887] mce: CPU supports 0 MCE banks
[    6.199323] Last level iTLB entries: 4KB 512, 2MB 8, 4MB 8
[    6.201027] Last level dTLB entries: 4KB 512, 2MB 32, 4MB 32, 1GB 0
[    6.202972] Spectre V2 : Mitigation: Full generic retpoline
[    6.206189] Spectre V2 : Spectre v2 / SpectreRSB mitigation: Filling RSB on context switch
[    6.209129] Speculative Store Bypass: Vulnerable
[    6.214384] Freeing SMP alternatives memory: 32K
[    6.233078] ftrace: allocating 32277 entries in 127 pages
[    6.344999] smpboot: APIC(0) Converting physical 0 to logical package 0
[    6.370287] smpboot: Max logical packages: 1
[    6.372561] x2apic enabled
[    6.393832] Switched APIC routing to physical x2apic.
[    6.403777] ..TIMER: vector=0x30 apic1=0 pin1=2 apic2=-1 pin2=-1
[    6.585021] smpboot: CPU0: Intel(R) Core(TM) i7-3770K CPU @ 3.50GHz (family: 0x6, model: 0x3a, stepping: 0x9)
[    6.598828] Performance Events: unsupported p6 CPU model 58 no PMU driver, software events only.
[    6.612115] KVM setup paravirtual spinlock
[    6.634224] x86: Booting SMP configuration:
[    6.650283] .... node  #0, CPUs:      #1
[    6.676725] kvm-clock: cpu 1, msr 0:1ffe3041, secondary cpu clock
[    6.727113] mce: CPU supports 0 MCE banks
[    6.737293] x86: Booted up 1 node, 2 CPUs
[    6.747592] smpboot: Total of 2 processors activated (14000.12 BogoMIPS)
[    6.826961] devtmpfs: initialized
[    6.840027] evm: security.selinux
[    6.842725] evm: security.SMACK64
[    6.844000] evm: security.SMACK64EXEC
[    6.851330] evm: security.SMACK64TRANSMUTE
[    6.858523] evm: security.SMACK64MMAP
[    6.859894] evm: security.ima
[    6.867022] evm: security.capability
[    6.868659] clocksource: jiffies: mask: 0xffffffff max_cycles: 0xffffffff, max_idle_ns: 7645041785100000 ns
[    6.937127] futex hash table entries: 512 (order: 3, 32768 bytes)
[    6.980053] pinctrl core: initialized pinctrl subsystem
[    7.013148] RTC time: 16:54:12, date: 02/14/19
[    7.060299] NET: Registered protocol family 16
[    7.096156] cpuidle: using governor ladder
[    7.108349] cpuidle: using governor menu
[    7.166282] PCCT header not found.
[    7.229624] ACPI: bus type PCI registered
[    7.257791] acpiphp: ACPI Hot Plug PCI Controller Driver version: 0.5
[    7.266732] PCI: Using configuration type 1 for base access
[    7.350782] ACPI: Added _OSI(Module Device)
[    7.399981] ACPI: Added _OSI(Processor Device)
[    7.428733] ACPI: Added _OSI(3.0 _SCP Extensions)
[    7.436439] ACPI: Added _OSI(Processor Aggregator Device)
[    7.461830] ACPI: Executed 1 blocks of module-level executable AML code
[    7.546326] ACPI: Interpreter enabled
[    7.559022] ACPI: (supports S0 S5)
[    7.584095] ACPI: Using IOAPIC for interrupt routing
[    7.610240] PCI: Using host bridge windows from ACPI; if necessary, use "pci=nocrs" and report a bug
[    7.673942] ACPI: PCI Root Bridge [PCI0] (domain 0000 [bus 00-ff])
[    7.683346] acpi PNP0A03:00: _OSC: OS supports [ASPM ClockPM Segments MSI]
[    7.688202] acpi PNP0A03:00: _OSC: not requesting OS control; OS requires [ExtendedConfig ASPM ClockPM MSI]
[    7.698231] acpi PNP0A03:00: fail to add MMCONFIG information, can't access extended PCI configuration space under this bridge.
[    7.702581] PCI host bridge to bus 0000:00
[    7.704041] pci_bus 0000:00: root bus resource [io  0x0000-0x0cf7 window]
[    7.718384] pci_bus 0000:00: root bus resource [io  0x0d00-0xffff window]
[    7.727277] pci_bus 0000:00: root bus resource [mem 0x000a0000-0x000bffff window]
[    7.731188] pci_bus 0000:00: root bus resource [mem 0x20000000-0xfdffffff window]
[    7.785370] pci_bus 0000:00: root bus resource [bus 00-ff]
[    7.824287] pci 0000:00:01.1: legacy IDE quirk: reg 0x10: [io  0x01f0-0x01f7]
[    7.904988] pci 0000:00:01.1: legacy IDE quirk: reg 0x14: [io  0x03f6]
[    7.931814] pci 0000:00:01.1: legacy IDE quirk: reg 0x18: [io  0x0170-0x0177]
[    8.041798] pci 0000:00:01.1: legacy IDE quirk: reg 0x1c: [io  0x0376]
[    8.118327] pci 0000:00:07.0: quirk: [io  0x4000-0x403f] claimed by PIIX4 ACPI
[    8.214998] pci 0000:00:07.0: quirk: [io  0x4100-0x410f] claimed by PIIX4 SMB
[    8.373990] ACPI: PCI Interrupt Link [LNKA] (IRQs 5 9 10 *11)
[    8.494221] ACPI: PCI Interrupt Link [LNKB] (IRQs 5 9 *10 11)
[    8.541563] ACPI: PCI Interrupt Link [LNKC] (IRQs 5 *9 10 11)
[    8.616817] ACPI: PCI Interrupt Link [LNKD] (IRQs 5 9 10 *11)
[    8.633196] ACPI: Enabled 2 GPEs in block 00 to 07
[    8.708609] vgaarb: setting as boot device: PCI:0000:00:02.0
[    8.723648] vgaarb: device added: PCI:0000:00:02.0,decodes=io+mem,owns=io+mem,locks=none
[    8.750085] vgaarb: loaded
[    8.751281] vgaarb: bridge control possible 0000:00:02.0
[    8.753488] SCSI subsystem initialized
[    8.755061] ACPI: bus type USB registered
[    8.756683] usbcore: registered new interface driver usbfs
[    8.758724] usbcore: registered new interface driver hub
[    8.787269] usbcore: registered new device driver usb
[    8.789499] PCI: Using ACPI for IRQ routing
[    8.805199] NetLabel: Initializing
[    8.812510] NetLabel:  domain hash size = 128
[    8.839836] NetLabel:  protocols = UNLABELED CIPSOv4
[    8.887839] NetLabel:  unlabeled traffic allowed by default
[    8.973643] amd_nb: Cannot enumerate AMD northbridges
[    8.975376] clocksource: Switched to clocksource kvm-clock
[    9.040848] AppArmor: AppArmor Filesystem Enabled
[    9.042587] pnp: PnP ACPI init
[    9.045262] pnp: PnP ACPI: found 3 devices
[    9.70] ocksure:cppmma: fffff axycles: 0xffffff, max_idle_ns: 2085701024 ns
[    9.795275] NET: Registered protocol family 2

[   9.797042] TCP stlished hash table entries: 4096 (order: 3, 32768 bytes)

[    9.93402 TP ndha tlentes40 (de 4, 6553 bes
[ 10.855860 T: Hash tables configured (established 4096 bind 4096)
[   11.020067] UDP hash table entries: 256 (order: 1, 8192 bytes)
[   11.021849] UDP-Lite hash table entries: 256 (order: 1, 8192 bytes)
[   11.023773] NET: Registered protocol family 1
[   11.025379] pci 0000:00:00.0: Limiting direct PCI/PCI transfers
[   11.027300] pci 0000:00:01.0: Activating ISA DMA hang workarounds
[   11.057768] Unpacking initramfs...

[   12.44715] Freeing initrd memory: 14800K
[   12.574152] RAPL PMU detected, API unit is 2^-32 Joules, 3 fixed counters 10737418240 ms ovfl timer
[   12.577181] hw unit of domain pp0-core 2^-0 Joules
[   12.578805] hw unit of domain package 2^-0 Joules

[   12.580523] hw unit of domain pp1-gpu 2^-0 Joules
[   12.589379] platform rtc_cmos: registered platform RTC device (no PNP device found)
[   12.592201] Scanning for low memory corruption every 60 seconds
[   12.594774] audit: initializing netlink subsys (disabled)
[   12.602605] audit: type=2000 audit(1550163256.462:1): initialized
[   12.610144] Initialise system trusted keyring
[   12.611812] HugeTLB registered 2 MB page size, pre-allocated 0 pages
[   12.616522] zbud: loaded
[   12.618130] VFS: Disk quotas dquot_6.6.0
[   12.619540] VFS: Dquot-cache hash table entries: 512 (order 0, 4096 bytes)
[   12.629092] squashfs: version 4.0 (2009/01/31) Phillip Lougher
[   12.657498] fuse init (API version 7.23)
[   12.675507] Key type big_key registered
[   2.577]llatg A K d acklist keyrings.

[   13.287755] Key type asymmetric registered
[   13.289190] Asymmetric key parser 'x509' registered
[   13.299390] Block layer SCSI generic (bsg) driver version 0.4 loaded (major 249)
[   13.346516] io scheduler noop registered
[   13.392673] io scheduler deadline registered (default)
[   13.394547] io scheduler cfq registered
[   13.405143] pci_hotplug: PCI Hot Plug PCI Core version: 0.5
[   13.461784] pciehp: PCI Express Hot Plug Controller Driver version: 0.4
[   13.471291] ACPI: AC Adapter [AC] (on-line)
[   13.472917] input: Power Button as /devices/LNXSYSTM:00/LNXPWRBN:00/input/input0
[   13.475637] ACPI: Power Button [PWRF]
[   13.501004] input: Sleep Button as /devices/LNXSYSTM:00/LNXSLPBN:00/input/input1
[   13.535137] ACPI: Sleep Button [SLPF]
[   13.561804] GHES: HEST is not enbl!
[   13.689912] tsc: Refined TSC clocksource calibration: 3500.826 MHz
[   13.695874] clocksource: tsc: mas 0fffffffffffmacyes0x76840,axdlns4495293369 ns
[   13.696107] Serial: 8250/16550 driver, 32 ports, IRQ sharing enle

[   14.717993] 00:02: ttyS0 at I/O 0x3f8 (irq = 4, base_baud = 115200) is a 16550A
[   14.852351] Linux agpgart interface v0.103
[   14.882423] loop: module loaded
[   14.895043] scsi host0: ata_piix
[   15.000260] scsi host1: ata_piix
[   15.010036] ata1: PATA max UDMA/33 cmd 0x1f0 ctl 0x3f6 bmdma 0xd000 irq 14
[   15.087449] ata2: PATA max UDMA/33 cmd 0x170 ctl 0x376 bmdma 0xd008 irq 15
[   15.119195] libphy: Fixed MDIO Bus: probed
[   15.154773] tun: Universal TUN/TAP device driver, 1.6
[   15.220256] tun: (C) 1999-2004 Max Krasnyansky <maxk@qualcomm.com>
[   15.222381] PPP generic driver version 2.4.2
[   15.224008] ehci_hcd: USB 2.0 'Enhanced' Host Controller (EHCI) Driver
[   15.226141] ehci-pci: EHCI PCI platform driver
[   15.227726] ehci-platform: EHCI generic platform driver
[   15.229678] ohci_hcd: USB 1.1 'Open' Host Controller (OHCI) Driver
[   15.231668] ohci-pci: OHCI PCI platform driver
[   15.233355] ohci-platform: OHCI generic platform driver
[   15.235222] uhci_hcd: USB Universal Host Controller Interface driver
[   15.237301] i8042: PNP: PS/2 Controller [PNP0303:PS2K,PNP0f03:PS2M] at 0x60,0x64 irq 1,12
[   15.245831] serio: i8042 KBD port at 0x60,0x64 irq 1
[   15.247552] serio: i8042 AUX port at 0x60,0x64 irq 12
[   15.249486] mousedev: PS/2 mouse device common for all mice
[   15.252099] input: AT Translated Set 2 keyboard as /devices/platform/i8042/serio0/input/input2
[   15.289803] rtc_cmos rtc_cmos: rtc core: registered rtc_cmos as rtc0
[   15.291991] rtc_cmos rtc_cmos: alarms up to one day, 114 bytes nvram
[   15.293999] i2c /dev entries driver
[   15.295515] device-mapper: uevent: version 1.0.3
[   15.297336] device-mapper: ioctl: 4.34.0-ioctl (2015-10-28) initialised: dm-devel@redhat.com
[   15.300303] ledtrig-cpu: registered to indicate activity on CPUs
[   15.302987] NET: Registered protocol family 10
[   15.304878] NET: Registered protocol family 17
[   15.306465] Key type dns_resolver registered
[   15.308642] registered taskstats version 1
[   15.310138] Loading compiled-in X.509 certificates
[   15.312613] Loaded X.509 cert 'Build time autogenerated kernel key: bff73e56bc0efa7435b2a24f5427674623f1be80'
[   15.315942] zswap: loaded using pool lzo/zbud
[   15.319945] Key type trusted registered
[   15.325772] Key type encrypted registered
[   15.327261] AppArmor: AppArmor sha1 policy hashing enabled
[   15.370582] ima: No TPM chip found, activating TPM-bypass!
[   15.386619] ima: Allocated hash algorithm: sha1
[   15.402516] evm: HMAC attrs: 0x1
[   15.424907]   Magic number: 7:614:944
[   15.436789] tty tty1: hash matches
[   15.446140] rtc_cmos rtc_cmos: setting system clock to 2019-02-14 16:54:20 UTC (1550163260)
[   15.501015] BIOS EDD facility v0.16 2004-Jun-25, 0 devices found
[   15.611083] EDD information not available.
[   15.667672] Freeing unused kernel memory: 1484K
[   15.739747] Write protecting the kernel read-only data: 14336k
[   15.783909] Freeing unused kernel memory: 1624K
[   16.531306] Freeing unused kernel memory: 92K
Loading, please wait...
starting version[   16.624193] random: systemd-udevd: uninitialized urandom read (16 bytes read, 4 bits of entropy available)
 229
[   16.706472] random: udevadm: uninitialized urandom read (16 bytes read, 4 bits of entropy available)
[   16.706532] random: udevadm: uninitialized urandom read (16 bytes read, 4 bits of entropy available)
[   16.721802] random: udevadm: uninitialized urandom read (16 bytes read, 4 bits of entropy available)
[   16.721860] random: udevadm: uninitialized urandom read (16 bytes read, 4 bits of entropy available)
[   16.722093] random: udevadm: uninitialized urandom read (16 bytes read, 4 bits of entropy available)
[   16.722172] random: udevadm: uninitialized urandom read (16 bytes read, 4 bits of entropy available)
[   16.722250] random: udevadm: uninitialized urandom read (16 bytes read, 4 bits of entropy available)
[   16.722329] random: udevadm: uninitialized urandom read (16 bytes read, 4 bits of entropy available)
[   16.722409] random: udevadm: uninitialized urandom read (16 bytes read, 4 bits of entropy available)
[   16.832061] e1000: Intel(R) PRO/1000 Network Driver - version 7.3.21-k8-NAPI
[   16.842986] e1000: Copyright (c) 1999-2006 Intel Corporation.
[   16.863553] Fusion MPT base driver 3.04.20
[   16.866217] Copyright (c) 1999-2008 LSI Corporation
[   16.881606] AVX version of gcm_enc/dec engaged.
[   16.883210] AES CTR mode by8 optimization enabled
[   16.889792] Fusion MPT SPI Host driver 3.04.20
[   17.078931] input: ImExPS/2 Generic Explorer Mouse as /devices/platform/i8042/serio1/input/input4
[   17.376012] e1000 0000:00:03.0 eth0: (PCI:33MHz:32-bit) 02:55:5e:85:41:49
[   17.378671] e1000 0000:00:03.0 eth0: Intel(R) PRO/1000 Network Connection
[   17.823575] e1000 0000:00:08.0 eth1: (PCI:33MHz:32-bit) 08:00:27:25:b8:d7
[   17.911214] e1000 0000:00:08.0 eth1: Intel(R) PRO/1000 Network Connection
[   17.959080] mptbase: ioc0: Initiating bringup
[   17.960019] e1000 0000:00:03.0 enp0s3: renamed from eth0
[   18.011872] e1000 0000:00:08.0 enp0s8: renamed from eth1
[   18.174444] ioc0: LSI53C1030 A0: Capabilities={Initiator}
[   18.994119] scsi host2: ioc0: LSI53C1030 A0, FwRev=00000000h, Ports=1, MaxQ=256, IRQ=20
[   19.389886] scsi 2:0:0:0: Direct-Access     VBOX     HARDDISK         1.0  PQ: 0 ANSI: 5
[   19.456131] scsi target2:0:0: Beginning Domain Validation
[   19.527908] scsi target2:0:0: Domain Validation skipping write tests
[   19.529919] scsi target2:0:0: Ending Domain Validation
[   19.531724] scsi target2:0:0: asynchronous
[   19.556434] scsi 2:0:1:0: Direct-Access     VBOX     HARDDISK         1.0  PQ: 0 ANSI: 5
[   19.968984] scsi target2:0:1: Beginning Domain Validation
[   19.986669] scsi target2:0:1: Domain Validation skipping write tests
[   19.988682] scsi target2:0:1: Ending Domain Validation
[   20.888768] scsi target2:0:1: asynchronous
[   21.013320] sd 2:0:0:0: Attached scsi generic sg0 type 0
[   21.036551] sd 2:0:0:0: [sda] 20971520 512-byte logical blocks: (10.7 GB/10.0 GiB)
[   21.036920] sd 2:0:1:0: [sdb] 20480 512-byte logical blocks: (10.5 MB/10.0 MiB)
[   21.037180] sd 2:0:1:0: [sdb] Write Protect is off
[   21.037365] sd 2:0:1:0: [sdb] Incomplete mode parameter data
[   21.037368] sd 2:0:1:0: [sdb] Assuming drive cache: write through
[   21.084702] sd 2:0:1:0: Attached scsi generic sg1 type 0
[   21.089134] sd 2:0:1:0: [sdb] Attached SCSI disk
[   21.202972] sd 2:0:0:0: [sda] Write Protect is off
[   21.250592] sd 2:0:0:0: [sda] Incomplete mode parameter data
[   21.259917] sd 2:0:0:0: [sda] Assuming drive cache: write through
[   21.264829]  sda: sda1
[   21.305979] sd 2:0:0:0: [sda] Attached SCSI disk
Begin: Loading essential drivers[   23.086309] md: linear personality registered for level -1
 ... [   23.126271] md: multipath personality registered for level -4
[   23.190418] md: raid0 personality registered for level 0
[   23.223118] md: raid1 personality registered for level 1
[   23.355756] raid6: sse2x1   gen()  2896 MB/s
[   23.467568] raid6: sse2x1   xor()  1992 MB/s
[   23.551418] raid6: sse2x2   gen()  5314 MB/s
[   23.619391] raid6: sse2x2   xor()  3596 MB/s
[   23.735669] raid6: sse2x4   gen()  8337 MB/s
[   23.803511] raid6: sse2x4   xor()  4724 MB/s
[   23.824347] raid6: using algorithm sse2x4 gen() 8337 MB/s
[   23.826105] raid6: .... xor() 4724 MB/s, rmw enabled
[   23.827795] raid6: using ssse3x2 recovery algorithm
[   23.830792] xor: automatically using best checksumming function:
[   23.871426]    avx       : 16610.000 MB/sec
[   23.903888] async_tx: api initialized (async)
[   23.951310] md: raid6 personality registered for level 6
[   23.985070] md: raid5 personality registered for level 5
[   24.052620] md: raid4 personality registered for level 4
[   24.082385] md: raid10 personality registered for level 10
done.
Begin: Running /scripts/init-premount ... done.
Begin: Mounting root file system ... Begin: Running /scripts/local-top ... done.
Begin: Running /scripts/local-premount ... [   24.147105] Btrfs loaded
Scanning for Btrfs filesystems
done.
Warning: fsck not present, so skipping root file system
[   24.185661] EXT4-fs (sda1): mounted filesystem with ordered data mode. Opts: (null)
done.
Begin: Running /scripts/local-bottom ... done.
Begin: Running /scripts/init-bottom ... done.
[   24.321235] systemd[1]: systemd 229 running in system mode. (+PAM +AUDIT +SELINUX +IMA +APPARMOR +SMACK +SYSVINIT +UTMP +LIBCRYPTSETUP +GCRYPT +GNUTLS +ACL +XZ -LZ4 +SECCOMP +BLKID +ELFUTILS +KMOD -IDN)
[   24.403584] systemd[1]: Detected virtualization oracle.
[   24.411642] systemd[1]: Detected architecture x86-64.

Welcome to [1mUbuntu 16.04.5 LTS[0m!

[   24.441654] systemd[1]: Set hostname to <ubuntu>.
[   24.469118] systemd[1]: Initializing machine ID from random generator.
[   24.544438] systemd[1]: Installed transient /etc/machine-id file.
[   24.749111] systemd[1]: Created slice User and Session Slice.
[[0;32m  OK  [0m] Created slice User and Session Slice.
[   24.764620] systemd[1]: Listening on Journal Socket (/dev/log).
[[0;32m  OK  [0m] Listening on Journal Socket (/dev/log).
[   24.783891] systemd[1]: Reached target System Time Synchronized.
[[0;32m  OK  [0m] Reached target System Time Synchronized.
[   24.900126] systemd[1]: Listening on udev Control Socket.
[[0;32m  OK  [0m] Listening on udev Control Socket.
[   24.910477] systemd[1]: Listening on LVM2 poll daemon socket.
[[0;32m  OK  [0m] Listening on LVM2 poll daemon socket.
[   24.913989] systemd[1]: Listening on Journal Audit Socket.
[[0;32m  OK  [0m] Listening on Journal Audit Socket.
[   24.928606] systemd[1]: Reached target User and Group Name Lookups.
[[0;32m  OK  [0m] Reached target User and Group Name Lookups.
[   24.991233] systemd[1]: Reached target Encrypted Volumes.
[[0;32m  OK  [0m] Reached target Encrypted Volumes.
[   25.027636] systemd[1]: Listening on Journal Socket.
[[0;32m  OK  [0m] Listening on Journal Socket.
[   25.040020] systemd[1]: Listening on /dev/initctl Compatibility Named Pipe.
[[0;32m  OK  [0m] Listening on /dev/initctl Compatibility Named Pipe.
[   25.043985] systemd[1]: Listening on udev Kernel Socket.
[[0;32m  OK  [0m] Listening on udev Kernel Socket.
[   25.047369] systemd[1]: Set up automount Arbitrary Executable File Formats File System Automount Point.
[[0;32m  OK  [0m] Set up automount Arbitrary Executab...ats File System Automount Point.
[   25.053092] systemd[1]: Created slice System Slice.
[[0;32m  OK  [0m] Created slice System Slice.
[   25.067471] systemd[1]: Mounting Huge Pages File System...
         Mounting Huge Pages File System...
[   25.161090] systemd[1]: Mounting POSIX Message Queue File System...
         Mounting POSIX Message Queue File System...
[   25.169248] systemd[1]: Starting Remount Root and Kernel File Systems...
         Starting Remount Root and Kernel File Systems...
[   25.173876] EXT4-fs (sda1): re-mounted. Opts: (null)
[   25.174785] systemd[1]: Starting Load Kernel Modules...
         Starting Load Kernel Modules...
[   25.207663] Loading iSCSI transport class v2.0-870.
[   25.208145] systemd[1]: Created slice system-serial\x2dgetty.slice.
[[0;32m  OK  [0m] Created slice system-serial\x2dgetty.slice.
[   25.266805] iscsi: registered transport (tcp)
[   25.279652] systemd[1]: Mounting Debug File System...
         Mounting Debug File System...
[   25.283823] systemd[1]: Starting Set console keymap...
         Starting Set console keymap...
[   25.301668] systemd[1]: Listening on LVM2 metadata daemon socket.
[[0;32m  OK  [0m] Listening on LVM2 metadata daemon socket.
[   25.318463] iscsi: registered transport (iser)
[   25.343612] systemd[1]: Starting Nameserver information manager...
         Starting Nameserver information manager...
[   25.349522] systemd[1]: Listening on Device-mapper event daemon FIFOs.
[[0;32m  OK  [0m] Listening on Device-mapper event daemon FIFOs.
[   25.354079] systemd[1]: Starting Monitoring of LVM2 mirrors, snapshots etc. using dmeventd or progress polling...
         Starting Monitoring of LVM2 mirrors... dmeventd or progress polling...
[   25.359219] systemd[1]: Reached target Slices.
[[0;32m  OK  [0m] Reached target Slices.
[   25.363290] systemd[1]: Starting Create list of required static device nodes for the current kernel...
         Starting Create list of required st... nodes for the current kernel...
[   25.368944] systemd[1]: Started Trigger resolvconf update for networkd DNS.
[[0;32m  OK  [0m] Started Trigger resolvconf update for networkd DNS.
[   25.385680] systemd[1]: Listening on Syslog Socket.
[[0;32m  OK  [0m] Listening on Syslog Socket.
[   25.389047] systemd[1]: Started Forward Password Requests to Wall Directory Watch.
[[0;32m  OK  [0m] Started Forward Password Requests to Wall Directory Watch.
[   25.399005] systemd[1]: Starting Journal Service...
         Starting Journal Service...
[   25.402315] systemd[1]: Reached target Swap.
[[0;32m  OK  [0[   25.407018] random: nonblocking pool is initialized
m] Reached target Swap.
[   25.441050] systemd[1]: Starting Uncomplicated firewall...
         Starting Uncomplicated firewall...
[   25.448580] systemd[1]: Mounted Debug File System.
[[0;32m  OK  [0m] Mounted Debug File System.
[   25.463956] systemd[1]: Mounted POSIX Message Queue File System.
[[0;32m  OK  [0m] Mounted POSIX Message Queue File System.
[   25.492108] systemd[1]: Mounted Huge Pages File System.
[[0;32m  OK  [0m] Mounted Huge Pages File System.
[   25.503930] systemd[1]: Started Journal Service.
[[0;32m  OK  [0m] Started Journal Service.
[[0;32m  OK  [0m] Started Remount Root and Kernel File Systems.
[[0;32m  OK  [0m] Started Load Kernel Modules.
[[0;32m  OK  [0m] Started Set console keymap.
[[0;32m  OK  [0m] Started Create list of required sta...ce nodes for the current kernel.
[[0;32m  OK  [0m] Started Uncomplicated firewall.
[[0;32m  OK  [0m] Started Nameserver information manager.
[[0;32m  OK  [0m] Started LVM2 metadata daemon.
         Starting Create Static Device Nodes in /dev...
         Starting Apply Kernel Variables...
         Mounting FUSE Control File System...
         Starting Load/Save Random Seed...
         Starting udev Coldplug all Devices...
         Starting Flush Journal to Persistent Storage...
[[0;32m  OK  [0m] Mounted FUSE Control File System.
[[0;32m  OK  [0m] Started Monitoring of LVM2 mirrors,...ng dmeventd or progress polling.
[[0;32m  OK  [0m] Started Create Static Device Nodes in /dev.
[[0;32m  OK  [0m] Started Apply Kernel Variables.
[[0;32m  OK  [0m] Started Load/Save Random Seed.
[[0;32m  OK  [0m] Started udev Coldplug all Devices.
[[0;32m  OK  [0m] Started Flush Journal to Persistent Storage.
         Starting udev Kernel Device Manager...
[[0;32m  OK  [0m] Reached target Local File Systems (Pre).
[[0;32m  OK  [0m] Reached target Local File Systems.
         Starting Initial cloud-init job (pre-networking)...
         Starting Commit a transient machine-id on disk...
         Starting Set console font and keymap...
         Starting Create Volatile Files and Directories...
         Starting Tell Plymouth To Write Out Runtime Data...
         Starting LSB: AppArmor initialization...
[[0;32m  OK  [0m] Started udev Kernel Device Manager.
[[0;32m  OK  [0m] Started Commit a transient machine-id on disk.
[[0;32m  OK  [0m] Started Create Volatile Files and Directories.
[[0;32m  OK  [0m] Started Tell Plymouth To Write Out Runtime Data.
         Starting Update UTMP about System Boot/Shutdown...
[[0;32m  OK  [0m] Started Dispatch Password Requests to Console Directory Watch.
[[0;32m  OK  [0m] Started Update UTMP about System Boot/Shutdown.
[[0;32m  OK  [0m] Found device /dev/ttyS0.
[[0;32m  OK  [0m] Started Set console font and keymap.
[[0;32m  OK  [0m] Created slice system-getty.slice.
[[0;32m  OK  [0m] Listening on Load/Save RF Kill Switch Status /dev/rfkill Watch.
[   23.090453] cloud-init[465]: Cloud-init v. 18.4-0ubuntu1~16.04.2 running 'init-local' at Thu, 14 Feb 2019 16:54:35 +0000. Up 21.79 seconds.
[[0;32m  OK  [0m] Started Initial cloud-init job (pre-networking).
[[0;32m  OK  [0m] Reached target Network (Pre).
[[0;32m  OK  [0m] Started LSB: AppArmor initialization.
         Starting Raise network interfaces...
[[0;32m  OK  [0m] Started Raise network interfaces.
         Starting Initial cloud-init job (metadata service crawler)...
[[0;32m  OK  [0m] Reached target Network.
[   25.545596] cloud-init[952]: Cloud-init v. 18.4-0ubuntu1~16.04.2 running 'init' at Thu, 14 Feb 2019 16:54:38 +0000. Up 24.91 seconds.
[   25.553006] cloud-init[952]: ci-info: ++++++++++++++++++++++++++++++++++++++Net device info+++++++++++++++++++++++++++++++++++++++
[   25.568902] cloud-init[952]: ci-info: +--------+-------+----------------------------+---------------+--------+-------------------+
[   25.612596] [cloud-init[0;32m  OK  [0m[952]: ] ci-info: | Device |   Up  |          Address           |      Mask     | Scope  |     Hw-Address    |Started Initial cloud-init job (metadata service crawler).

[   25.613598] cloud-init[952]: ci-info: +--------+-------+----------------------------+---------------+--------+-------------------+
[   25.676396] [[0;32m  OK  [0m] Reached target Cloud-config availability.
cloud-init[[0;32m  OK  [0m] Reached target System Initialization.
[952]: ci-info: | enp0s3 |  True |         10.0.2.15          | 255.255.255.0 | global | 02:55:5e:85:41:49 |
[   25.820392]          cloud-initStarting LXD - unix socket.[952]: 
ci-info: | enp0s3 |  True | fe80::55:5eff:fe85:4149/64 |       .       |  link  | 02:55:5e:85:41:49 |
[   25.852424] [[0;32m  OK  [0m] Listening on UUID daemon activation socket.
cloud-init         Starting Socket activation for snappy daemon.
[952]: ci-info: | enp0s8 | False |             .              |       .       |   .    | 08:00:27:25:b8:d7 |
[   25.950288] [cloud-init[0;32m  OK  [0m[952]: ] ci-info: |   lo   |  True |         127.0.0.1          |   255.0.0.0   |  host  |         .         |Listening on D-Bus System Message Bus Socket.

[   25.951045] [[0;32m  OK  [0m] Listening on ACPID Listen Socket.
cloud-init[[0;32m  OK  [0m] Started Daily Cleanup of Temporary Directories.
[952]: ci-info: |   lo   |  True |          ::1/128           |       .       |  host  |         .         |
[[0;32m  OK  [0m] Started ACPI Events Check.
[[0;32m  OK  [0m] Reached target Paths.
[   25.964092] [[0;32m  OK  [0m] Started Daily apt download activities.
cloud-init[952]: ci-info: +--------+-------+----------------------------+---------------+--------+-------------------+
[   26.127492] cloud-init[952]: ci-info: +++++++++++++++++++++++++++Route IPv4 info++++++++++++++++++++++++++++[[0;32m  OK  [0m] Started Daily apt upgrade and clean activities.

[   26.168542] [[0;32m  OK  [0m] Reached target Timers.
cloud-init[[0;32m  OK  [0m] Reached target Network is Online.
[952]: ci-info: +-------+-------------+----------+---------------+-----------+-------+
[   26.256364]          cloud-initStarting iSCSI initiator daemon (iscsid)...[952]: 
ci-info: | Route | Destination | Gateway  |    Genmask    | Interface | Flags |
[   26.348712] [cloud-init[0;32m  OK  [0m[952]: ] ci-info: +-------+-------------+----------+---------------+-----------+-------+Listening on LXD - unix socket.

[   26.349456] [cloud-init[0;32m  OK  [0m[952]: ] ci-info: |   0   |   0.0.0.0   | 10.0.2.2 |    0.0.0.0    |   enp0s3  |   UG  |Listening on Socket activation for snappy daemon.

[   26.460447] [[0;32m  OK  [0m] Started iSCSI initiator daemon (iscsid).
cloud-init[952]: ci-info: |   1   |   10.0.2.0  | 0.0.0.0  | 255.255.255.0 |   enp0s3  |   U   |
[   26.509240]          cloud-initStarting Login to default iSCSI targets...[952]: 
ci-info: +-------+-------------+----------+---------------+-----------+-------+
[   26.616533] [cloud-init[0;32m  OK  [0m[952]: ] ci-info: +++++++++++++++++++Route IPv6 info+++++++++++++++++++Reached target Sockets.

[[0;32m  OK  [0m] Reached target Basic System.
[   26.617352] cloud-init[952]: ci-info: +-------+-------------+---------+-----------+-------+
[   26.688346] [[0;32m  OK  [0m] Started Deferred execution scheduler.
cloud-init[952]: ci-info: | Route | Destination | Gateway | Interface | Flags |
[   26.718350]          Starting Pollinate to seed the pseudo random number generator...
cloud-init         Starting LSB: Record successful boot for GRUB...
         Starting LXD - container startup/shutdown...
         Starting Login Service...
[[0;32m  OK  [0m] Started FUSE filesystem for LXC.
         Starting Snappy daemon...
         Starting LSB: MD monitoring daemon...
         [952]: ci-info: +-------+-------------+---------+-----------+-------+
Starting Accounts Service...
[   26.730628] cloud-init[952]: ci-info: |   0   |  fe80::/64  |    ::   |   enp0s3  |   U   |
[   26.865824] cloud-init[952]: ci-info: |   3   |   ff00::/8  |    ::   |   enp0s3  |   U   |
[[0;32m  OK  [0m] Started Regular background program processing daemon.
[   26.883804] [[0;32m  OK  [0m] Started D-Bus System Message Bus.
cloud-init[952]: ci-info: +-------+-------------+---------+-----------+-------+
[   26.892225] cloud-init[952]: Generating public/private rsa key pair.
[   26.899668] cloud-init[952]: Your identification has been saved in /etc/ssh/ssh_host_rsa_key.
[   26.901996] cloud-init[952]: Your public key has been saved in /etc/ssh/ssh_host_rsa_key.pub.
[   26.910070] cloud-init[952]: The key fingerprint is:
[   26.911890] cloud-init[952]: SHA256:IENhH2D1ZYNPKd951336nN6+eLjPpEVOYQojbMW8x5k root@ubuntu-xenial
[   26.914250] cloud-init[952]: The key's randomart image is:
[   26.915893] cloud-init[952]: +---[RSA 2048]----+
[   26.917691] cloud-init[952]: |    *+o  .*o     |
[   26.919589] cloud-init[952]: |   + . o+o++     |
[   26.921228] cloud-init[952]: |    o o .O +o.ooo|
[   26.922706] cloud-init[952]: |     o .. +.=E+ *|
[   26.925074] cloud-init[952]: |        S   .o =.|
[   26.927174] cloud-init[952]: |              =  |
[   26.928997] cloud-init[952]: |              .*.|
[   26.930828] cloud-init[952]: |             .*o+|
[   26.933045] cloud-init[952]: |             +=*+|
[   26.934628] cloud-init[952]: +----[SHA256]-----+
[   26.936162] cloud-init[952]: Generating public/private dsa key pair.
[   27.010491] cloud-init[952]: Your identification has been saved in /etc/ssh/ssh_host_dsa_key.
[   27.012876] cloud-init[952]: Your public key has been saved in /etc/ssh/ssh_host_dsa_key.pub.
[   27.015408] cloud-init[952]: The key fingerprint is:
[   27.017519] cloud-init[952]: SHA256:8xBF+PtVoKBsxZ1W4GnXRzzQM4GxZl2J14zUxy8X/LA root@ubuntu-xenial
[   27.020009] cloud-init[952]: The key's randomart image is:
[   27.021687] cloud-init[952]: +---[DSA 1024]----+
[   27.023222] cloud-init[952]: |         +o..BXB*|
[[0;32m  OK  [0m] Started Unattended Upgrades Shutdown.
[   27.024927] cloud-init[952]: |        ..+.++*%O|
[   27.099198] cloud-init[952]: |       ..+ o+=o=@|
[   27.100827] cloud-init[952]: |        +...+.E *|
[   27.102357]          Starting Virtualbox guest utils...
cloud-init[952]:          Starting System Logging Service...
|       .S  .   + |
[[0;32m  OK  [0m] Started ACPI event daemon.
[   27.261926] cloud-init[952]: |         +.   .  |
         Starting /etc/rc.local Compatibility...
[   27.349068] cloud-init[952]: |          .. .   |
[   27.440770] cloud-init[952]: |            .    |
[   27.447046] [[0;32m  OK  [0m] Started /etc/rc.local Compatibility.
cloud-init[952]: |                 |
[   27.536229] cloud-init[952]: +----[SHA256]-----+
[   27.542103] cloud-init[952]: Generating public/private ecdsa key pair.
[   27.545397] cloud-init[952]: Your identification has been saved in /etc/ssh/ssh_host_ecdsa_key.
[   27.549947] cloud-init[952]: Your public key has been saved in /etc/ssh/ssh_host_ecdsa_key.pub.
[   27.555680] cloud-init[952]: The key fingerprint is:
[   27.641195] cloud-init[952]: SHA256:CcbQEERzarZ48kzDF4tYZxVe8SBX34ShGVxynYtKCa8 root@ubuntu-xenial
[[0;32m  OK  [0m] Started System Logging Service.
[   27.645291] cloud-init[952]: The key's randomart image is:
[   27.752497] [cloud-init[0;32m  OK  [0m[952]: ] +---[ECDSA 256]---+Started LXD - container startup/shutdown.

[   27.753271] cloud-init[952]: |   oB+. +.=++.++o|
[   27.834018] cloud-init[952]: |     *.o = o.B.+.|
[   27.836234] cloud-init[952]: |    = B . o = o o|
[   27.929940] cloud-init[952]: |   B * + . + . . |
[   27.933040] cloud-init[952]: [[0;32m  OK  [0m] Started Login to default iSCSI targets.
|  + B o S o .    |
[   27.937036] cloud-init[952]: |   * o   E .     |
[   27.940232] cloud-init[952]: |    o            |
[   28.022637] cloud-init[952]: |                 |
[   28.106079] cloud-init[952]: |                 |
[   28.108715] cloud-init[952]: +----[SHA256]-----+
[   28.110344] cloud-init[952]: Generating public/private ed25519 key pair.
[   28.112078] cloud-init[952]: Your identification has been saved in /etc/ssh/ssh_host_ed25519_key.
[   28.114342] cloud-init[952]: Your public key has been saved in /etc/ssh/ssh_host_ed25519_key.pub.
[   28.128984] c[[0;32m  OK  [0m] Closed Load/Save RF Kill Switch Status /dev/rfkill Watch.
[[0;32m  OK  [0m] Stopped target Timers.
[[0;32m  OK  [0m] Stopped Daily apt upgrade and clean activities.
[[0;32m  OK  [0m] Stopped Daily apt download activities.
[[0;32m  OK  [0m] Stopped target System Time Synchronized.
         Stopping User Manager for UID 1000...
         Stopping ACPI event daemon...
[[0;32m  OK  [0m] Stopped target GraphicaI         Stopping Serial Getty on ttyS0...
[[0;32m  OK  [0m] Unmounted /var/lib/lxcfs.
[[0;32m  OK  [0m] Stopped Regular background program processing daemon.
[[0;32m  OK  [0m] Stopped System Logging Service.
[[0;32m  OK  [0m] Stopped Deferred execution scheduler.
[[0;32m  OK  [0m] Stopped Accounts Service.
[[0;32m  OK  [0m] Stopped ACPI event daemon.
[[0;32m  OK  [0m] Stopped Snappy daemon.
[[0;32m  OK  [0m] Stopped OpenBSD Secure Shell server.
[[0;32m  OK  [0m] Stopped Authenticate and Authorize Users to Run Privileged Tasks.
[[0;32m  OK  [0m] Stopped Serial Getty on ttyS0.
[[0;32m  OK  [0m] Stopped Getty on tty1.
[[0;32m  OK  [0m] Stopped User Manager for UID 1000.
[[0;32m  OK  [0m] Stopped D-Bus System Message Bus.
[[0;32m  OK  [0m] Stopped Unattended Upgrades Shutdown.
[[0;32m  OK  [0m] Stopped Session 2 of user vagrant.
[[0;32m  OK  [0m] Stopped FUSE filesystem for LXC.
[[0;32m  OK  [0m] Stopped LSB: daemon to balance interrupts for SMP systems.
[[0;32m  OK  [0m] Stopped LSB: Set the CPU Frequency Scaling governor to "ondemand".
[[0;32m  OK  [0m] Stopped LSB: automatic crash report generation.
[[0;32m  OK  [0m] Stopped LSB: Record successful boot for GRUB.
[[0;32m  OK  [0m] Stopped Virtualbox guest utils.
[[0;32m  OK  [0m] Stopped LSB: MD monitoring daemon.
[[0;32m  OK  [0m] Stopped LXD - container startup/shutdown.
[[0;32m  OK  [0m] Removed slice User Slice of vagrant.
         Stopping Login Service...
[[0;32m  OK  [0m] Removed slice system-getty.slice.
[[0;32m  OK  [0m] Stopped /etc/rc.local Compatibility.
[[0;32m  OK  [0m] Removed slice system-serial\x2dgetty.slice.
         Stopping Permit User Sessions...
[[0;32m  OK  [0m] Stopped Permit User Sessions.
[[0;32m  OK  [0m] Stopped Login Service.
[[0;32m  OK  [0m] Stopped target User and Group Name Lookups.
[[0;32m  OK  [0m] Stopped LSB: Apache2 web server.
[[0;32m  OK  [0m] Stopped target Basic System.
[[0;32m  OK  [0m] Stopped target Slices.
[[0;32m  OK  [0m] Removed slice User and Session Slice.
[[0;32m  OK  [0m] Stopped target Sockets.
[[0;32m  OK  [0m] Closed D-Bus System Message Bus Socket.
[[0;32m  OK  [0m] Closed Socket activation for snappy daemon.
[[0;32m  OK  [0m] Closed Syslog Socket.
[[0;32m  OK  [0m] Closed ACPID Listen Socket.
[[0;32m  OK  [0m] Closed LXD - unix socket.
[[0;32m  OK  [0m] Closed UUID daemon activation socket.
[[0;32m  OK  [0m] Stopped target Paths.
[[0;32m  OK  [0m] Stopped Dispatch Password Requests to Console Directory Watch.
[[0;32m  OK  [0m] Stopped Forward Password Requests to Wall Directory Watch.
[[0;32m  OK  [0m] Stopped ACPI Events Check.
[[0;32m  OK  [0m] Stopped target System Initialization.
[[0;32m  OK  [0m] Stopped Create Volatile Files and Directories.
[[0;32m  OK  [0m] Stopped target Encrypted Volumes.
[[0;32m  OK  [0m] Stopped target Swap.
         Stopping Load/Save Random Seed...
[[0;32m  OK  [0m] Stopped target Remote File Systems.
[[0;32m  OK  [0m] Stopped target Remote File Systems (Pre).
         Stopping Login to default iSCSI targets...
[[0;32m  OK  [0m] Stopped Load/Save Random Seed.
[[0;32m  OK  [0m] Stopped Login to default iSCSI targets.
         Stopping iSCSI initiator daemon (iscsid)...
[[0;32m  OK  [0m] Stopped iSCSI initiator daemon (iscsid).
[[0;32m  OK  [0m] Stopped target Network is Online.
[[0;32m  OK  [0m] Stopped Initial cloud-init job (metadata service crawler).
[[0;32m  OK  [0m] Stopped target Network.
         Stopping Raise network interfaces...
[[0;32m  OK  [0m] Stopped Raise network interfaces.
[[0;32m  OK  [0m] Stopped target Local File Systems.
         Unmounting /run/user/1000...
         Unmounting /vagrant...
[[0;32m  OK  [0m] Stopped target Network (Pre).
[[0;32m  OK  [0m] Stopped Initial cloud-init job (pre-networking).
[[0;32m  OK  [0m] Stopped Apply Kernel Variables.
[[0;32m  OK  [0m] Stopped Load Kernel Modules.
[[0;32m  OK  [0m] Unmounted /run/user/1000.
[[0;32m  OK  [0m] Unmounted /vagrant.
[[0;32m  OK  [0m] Reached target Unmount All Filesystems.
[[0;32m  OK  [0m] Stopped target Local File Systems (Pre).
[[0;32m  OK  [0m] Stopped Remount Root and Kernel File Systems.
         Stopping Monitoring of LVM2 mirrors... dmeventd or progress polling...
[[0;32m  OK  [0m] Stopped Create Static Device Nodes in /dev.
[[0;32m  OK  [0m] Reached target Shutdown.
[  503.662651] reboot: Power down
3Gf2WiCruw0gVgUriHm0APu54e4Eph2IKqn1F2nBDsRuJRF05E2OpleQ47RECYQHDmwnAQP04ZvZNqQt8RkBjcPVXlLgnJndDrRyDf9fNBNOVfI7aIm66qZSzTGKc6E/dIbetE0lXENJ2Sby8XF9mmdvk2gk/b/9ubNuCPR7HsYNbmVKEpybrD2NTX8/y/X1qi8wu7vji9qa0vn+Gsx73BOl root@ubuntu-xenial
-----END SSH HOST KEY KEYS-----
[   41.023627] cloud-init[1486]: Cloud-init v. 18.4-0ubuntu1~16.04.2 running 'modules:final' at Thu, 14 Feb 2019 16:54:54 +0000. Up 40.78 seconds.
[   41.023936] cloud-init[1486]: ci-info: no authorized ssh keys fingerprints found for user u         Stopping ACPI event daemon...
[[0;32m  OK  [0m] Closed Load/Save RF Kill Swit         Stopping D-Bus System Message Bus...
         Stopping LXD - container startup/shutdown...
         Stopping Authenticate and Authorize Users to Run Privileged Tasks...
         Stopping System Logging Service...
[[0;32m  OK  [0m] Stopped Apply the settings specified in cloud-config.
[[0;32m  OK  [0m] Stopped Wait until snapd is fully seeded.
         Stopping Snappy daemon...
         Stopping LSB: MD monitoring daemon...
[[0;32m  OK  [0m] Stopped target System Time Synchronized.
[[0;32m  OK  [0m] Stopped target Cloud-config availability.
         Stopping Unattended Upgrades Shutdown...
         Stopping LSB: daemon to balance interrupts for SMP systems...
[[0;32m  OK  [0m] Unmounted /var/lib/lxcfs.
[[0;32m  OK  [0m] Stopped Regular background program processing daemon.
[[0;32m  OK  [0m] Stopped Deferred execution scheduler.
[[0;32m  OK  [0m] Stopped System Logging Service.
[[0;32m  OK  [0m] Stopped ACPI event daemon.
[[0;32m  OK  [0m] Stopped Snappy daemon.
[[0;32m  OK  [0m] Stopped Accounts Service.
[[0;32m  OK  [0m] Stopped Authenticate and Authorize Users to Run Privileged Tasks.
[[0;32m  OK  [0m] Stopped OpenBSD Secure Shell server.
[[0;32m  OK  [0m] Stopped Getty on tty1.
[[0;32m  OK  [0m] Stopped Serial Getty on ttyS0.
[[0;32m  OK  [0m] Stopped User Manager for UID 1000.
[[0;32m  OK  [0m] Stopped Session 3 of user vagrant.
[[0;32m  OK  [0m] Stopped D-Bus System Message Bus.
[[0;32m  OK  [0m] Stopped Unattended Upgrades Shutdown.
[[0;32m  OK  [0m] Stopped FUSE filesystem for LXC.
[[0;32m  OK  [0m] Stopped LSB: Set the CPU Frequency Scaling governor to "ondemand".
[[0;32m  OK  [0m] Stopped Virtualbox guest utils.
[[0;32m  OK  [0m] Stopped LSB: Record successful boot for GRUB.
[[0;32m  OK  [0m] Stopped LSB: automatic crash report generation.
[[0;32m  OK  [0m] Stopped LXD - container startup/shutdown.
[[0;32m  OK  [0m] Stopped LSB: MD monitoring daemon.
[[0;32m  OK  [0m] Stopped LSB: daemon to balance interrupts for SMP systems.
[[0;32m  OK  [0m] Removed slice User Slice of vagrant.
         Stopping Login Service...
[[0;32m  OK  [0m] Removed slice system-serial\x2dgetty.slice.
[[0;32m  OK  [0m] Stopped /etc/rc.local Compatibility.
[[0;32m  OK  [0m] Removed slice system-getty.slice.
         Stopping Permit User Sessions...
[[0;32m  OK  [0m] Stopped Permit User Sessions.
[[0;32m  OK  [0m] Stopped Login Service.
[[0;32m  OK  [0m] Stopped target User and Group Name Lookups.
[[0;32m  OK  [0m] Stopped LSB: Apache2 web server.
[[0;32m  OK  [0m] Stopped target Remote File Systems.
[[0;32m  OK  [0m] Stopped target Remote File Systems (Pre).
         Stopping Login to default iSCSI targets...
[[0;32m  OK  [0m] Stopped target Basic System.
[[0;32m  OK  [0m] Stopped target Sockets.
[[0;32m  OK  [0m] Closed LXD - unix socket.
[[0;32m  OK  [0m] Closed Syslog Socket.
[[0;32m  OK  [0m] Closed UUID daemon activation socket.
[[0;32m  OK  [0m] Closed Socket activation for snappy daemon.
[[0;32m  OK  [0m] Closed D-Bus System Message Bus Socket.
[[0;32m  OK  [0m] Closed ACPID Listen Socket.
[[0;32m  OK  [0m] Stopped target Paths.
[[0;32m  OK  [0m] Stopped ACPI Events Check.
[[0;32m  OK  [0m] Stopped target System Initialization.
[[0;32m  OK  [0m] Stopped target Swap.
         Stopping Load/Save Random Seed...
[[0;32m  OK  [0m] Stopped Commit a transient machine-id on disk.
[[0;32m  OK  [0m] Stopped target Encrypted Volumes.
[[0;32m  OK  [0m] Stopped Create Volatile Files and Directories.
[[0;32m  OK  [0m] Stopped Forward Password Requests to Wall Directory Watch.
[[0;32m  OK  [0m] Stopped Dispatch Password Requests to Console Directory Watch.
[[0;32m  OK  [0m] Stopped target Slices.
[[0;32m  OK  [0m] Removed slice User and Session Slice.
[[0;32m  OK  [0m] Stopped Load/Save Random Seed.
[[0;32m  OK  [0m] Stopped Login to default iSCSI targets.
         Stopping iSCSI initiator daemon (iscsid)...
[[0;32m  OK  [0m] Stopped iSCSI initiator daemon (iscsid).
[[0;32m  OK  [0m] Stopped target Network is Online.
[[0;32m  OK  [0m] Stopped Initial cloud-init job (metadata service crawler).
[[0;32m  OK  [0m] Stopped target Network.
         Stopping Raise network interfaces...
[[0;32m  OK  [0m] Stopped Raise network interfaces.
[[0;32m  OK  [0m] Stopped target Local File Systems.
         Unmounting /run/user/1000...
         Unmounting /vagrant...
[[0;32m  OK  [0m] Stopped Apply Kernel Variables.
[[0;32m  OK  [0m] Stopped Load Kernel Modules.
[[0;32m  OK  [0m] Stopped target Network (Pre).
[[0;32m  OK  [0m] Stopped Initial cloud-init job (pre-networking).
[[0;32m  OK  [0m] Unmounted /run/user/1000.
[[0;32m  OK  [0m] Unmounted /vagrant.
[[0;32m  OK  [0m] Reached target Unmount All Filesystems.
[[0;32m  OK  [0m] Stopped target Local File Systems (Pre).
[[0;32m  OK  [0m] Stopped Create Static Device Nodes in /dev.
         Stopping Monitoring of LVM2 mirrors... dmeventd or progress polling...
[[0;32m  OK  [0m] Stopped Remount Root and Kernel File Systems.
[[0;32m  OK  [0m] Reached target Shutdown.
[  431.296757] reboot: Power down

[[0;32m  OK  [0m] Stopped Create Static Device Nodes in /dev.
         Stopping Monitoring of LVM2 mirrors... dmeventd or progress polling...
[[0;32m  OK  [0m] Stopped Remount Root and Kernel File Systems.
[[0;32m  OK  [0m] Reached target Shutdown.
[  325.888072] reboot: Power down
File Systems.
[[0;32m  OK  [0m] Reached target Shutdown.
[  232.562817] reboot: Power down
